[12-Sep-2018 20:10:38 UTC] PHP Parse error:  syntax error, unexpected ' ' (T_STRING), expecting ',' or ';' in /home/ubuntu/workspace/work/practice/php/name.php on line 15
[12-Sep-2018 20:29:44 UTC] PHP Parse error:  syntax error, unexpected 'for' (T_FOR) in /home/ubuntu/workspace/work/practice/php/practice.php on line 11
[12-Sep-2018 20:30:33 UTC] PHP Parse error:  syntax error, unexpected 'for' (T_FOR) in /home/ubuntu/workspace/work/practice/php/practice.php on line 11
[12-Sep-2018 20:30:35 UTC] PHP Parse error:  syntax error, unexpected 'for' (T_FOR) in /home/ubuntu/workspace/work/practice/php/practice.php on line 11
[12-Sep-2018 20:30:37 UTC] PHP Parse error:  syntax error, unexpected 'for' (T_FOR) in /home/ubuntu/workspace/work/practice/php/practice.php on line 11
[12-Sep-2018 20:32:11 UTC] PHP Parse error:  syntax error, unexpected 'for' (T_FOR) in /home/ubuntu/workspace/work/practice/php/practice.php on line 11
[14-Sep-2018 19:31:24 UTC] PHP Parse error:  syntax error, unexpected '$numOfKids' (T_VARIABLE) in /home/ubuntu/workspace/work/practice/php/practicePhp.php on line 3
[17-Sep-2018 20:11:16 UTC] PHP Parse error:  syntax error, unexpected '}', expecting ',' or ';' in /home/ubuntu/workspace/work/practice/p2/rps.php on line 93
[17-Sep-2018 20:14:05 UTC] PHP Parse error:  syntax error, unexpected 'rps' (T_STRING) in /home/ubuntu/workspace/work/practice/p2/rps.php on line 102
[17-Sep-2018 20:14:20 UTC] PHP Parse error:  syntax error, unexpected 'rps' (T_STRING) in /home/ubuntu/workspace/work/practice/p2/rps.php on line 102
[24-Sep-2018 19:11:54 UTC] PHP Warning:  imagepng(): Unable to open 'inc/charts/1537816314.787.png' for writing: No such file or directory in /home/ubuntu/workspace/work/practice/p3/inc/charts.php on line 71
[24-Sep-2018 19:11:54 UTC] PHP Stack trace:
[24-Sep-2018 19:11:54 UTC] PHP   1. {main}() /home/ubuntu/workspace/work/practice/p3/reviews.php:0
[24-Sep-2018 19:11:54 UTC] PHP   2. movieReviews() /home/ubuntu/workspace/work/practice/p3/reviews.php:60
[24-Sep-2018 19:11:54 UTC] PHP   3. displayRatings() /home/ubuntu/workspace/work/practice/p3/reviews.php:25
[24-Sep-2018 19:11:54 UTC] PHP   4. bar_graph() /home/ubuntu/workspace/work/practice/p3/inc/charts.php:30
[24-Sep-2018 19:11:54 UTC] PHP   5. imagepng() /home/ubuntu/workspace/work/practice/p3/inc/charts.php:71
[24-Sep-2018 19:12:40 UTC] PHP Warning:  imagepng(): Unable to open 'inc/charts/1537816360.2754.png' for writing: No such file or directory in /home/ubuntu/workspace/work/practice/p3/inc/charts.php on line 71
[24-Sep-2018 19:12:40 UTC] PHP Stack trace:
[24-Sep-2018 19:12:40 UTC] PHP   1. {main}() /home/ubuntu/workspace/work/practice/p3/reviews.php:0
[24-Sep-2018 19:12:40 UTC] PHP   2. movieReviews() /home/ubuntu/workspace/work/practice/p3/reviews.php:60
[24-Sep-2018 19:12:40 UTC] PHP   3. displayRatings() /home/ubuntu/workspace/work/practice/p3/reviews.php:25
[24-Sep-2018 19:12:40 UTC] PHP   4. bar_graph() /home/ubuntu/workspace/work/practice/p3/inc/charts.php:30
[24-Sep-2018 19:12:40 UTC] PHP   5. imagepng() /home/ubuntu/workspace/work/practice/p3/inc/charts.php:71
[24-Sep-2018 19:12:41 UTC] PHP Warning:  imagepng(): Unable to open 'inc/charts/1537816361.5234.png' for writing: No such file or directory in /home/ubuntu/workspace/work/practice/p3/inc/charts.php on line 71
[24-Sep-2018 19:12:41 UTC] PHP Stack trace:
[24-Sep-2018 19:12:41 UTC] PHP   1. {main}() /home/ubuntu/workspace/work/practice/p3/reviews.php:0
[24-Sep-2018 19:12:41 UTC] PHP   2. movieReviews() /home/ubuntu/workspace/work/practice/p3/reviews.php:60
[24-Sep-2018 19:12:41 UTC] PHP   3. displayRatings() /home/ubuntu/workspace/work/practice/p3/reviews.php:25
[24-Sep-2018 19:12:41 UTC] PHP   4. bar_graph() /home/ubuntu/workspace/work/practice/p3/inc/charts.php:30
[24-Sep-2018 19:12:41 UTC] PHP   5. imagepng() /home/ubuntu/workspace/work/practice/p3/inc/charts.php:71
[24-Sep-2018 19:13:03 UTC] PHP Warning:  imagepng(): Unable to open 'inc/charts/1537816383.386.png' for writing: No such file or directory in /home/ubuntu/workspace/work/practice/p3/inc/charts.php on line 71
[24-Sep-2018 19:13:03 UTC] PHP Stack trace:
[24-Sep-2018 19:13:03 UTC] PHP   1. {main}() /home/ubuntu/workspace/work/practice/p3/reviews.php:0
[24-Sep-2018 19:13:03 UTC] PHP   2. movieReviews() /home/ubuntu/workspace/work/practice/p3/reviews.php:60
[24-Sep-2018 19:13:03 UTC] PHP   3. displayRatings() /home/ubuntu/workspace/work/practice/p3/reviews.php:25
[24-Sep-2018 19:13:03 UTC] PHP   4. bar_graph() /home/ubuntu/workspace/work/practice/p3/inc/charts.php:30
[24-Sep-2018 19:13:03 UTC] PHP   5. imagepng() /home/ubuntu/workspace/work/practice/p3/inc/charts.php:71
[24-Sep-2018 19:13:06 UTC] PHP Warning:  imagepng(): Unable to open 'inc/charts/1537816386.113.png' for writing: No such file or directory in /home/ubuntu/workspace/work/practice/p3/inc/charts.php on line 71
[24-Sep-2018 19:13:06 UTC] PHP Stack trace:
[24-Sep-2018 19:13:06 UTC] PHP   1. {main}() /home/ubuntu/workspace/work/practice/p3/reviews.php:0
[24-Sep-2018 19:13:06 UTC] PHP   2. movieReviews() /home/ubuntu/workspace/work/practice/p3/reviews.php:60
[24-Sep-2018 19:13:06 UTC] PHP   3. displayRatings() /home/ubuntu/workspace/work/practice/p3/reviews.php:25
[24-Sep-2018 19:13:06 UTC] PHP   4. bar_graph() /home/ubuntu/workspace/work/practice/p3/inc/charts.php:30
[24-Sep-2018 19:13:06 UTC] PHP   5. imagepng() /home/ubuntu/workspace/work/practice/p3/inc/charts.php:71
[24-Sep-2018 19:13:58 UTC] PHP Warning:  imagepng(): Unable to open 'inc/charts/1537816438.7691.png' for writing: No such file or directory in /home/ubuntu/workspace/work/practice/p3/inc/charts.php on line 71
[24-Sep-2018 19:13:58 UTC] PHP Stack trace:
[24-Sep-2018 19:13:58 UTC] PHP   1. {main}() /home/ubuntu/workspace/work/practice/p3/reviews.php:0
[24-Sep-2018 19:13:58 UTC] PHP   2. movieReviews() /home/ubuntu/workspace/work/practice/p3/reviews.php:60
[24-Sep-2018 19:13:58 UTC] PHP   3. displayRatings() /home/ubuntu/workspace/work/practice/p3/reviews.php:25
[24-Sep-2018 19:13:58 UTC] PHP   4. bar_graph() /home/ubuntu/workspace/work/practice/p3/inc/charts.php:30
[24-Sep-2018 19:13:58 UTC] PHP   5. imagepng() /home/ubuntu/workspace/work/practice/p3/inc/charts.php:71
[24-Sep-2018 19:14:41 UTC] PHP Warning:  imagepng(): Unable to open 'inc/charts/1537816481.255.png' for writing: No such file or directory in /home/ubuntu/workspace/work/practice/p3/inc/charts.php on line 71
[24-Sep-2018 19:14:41 UTC] PHP Stack trace:
[24-Sep-2018 19:14:41 UTC] PHP   1. {main}() /home/ubuntu/workspace/work/practice/p3/reviews.php:0
[24-Sep-2018 19:14:41 UTC] PHP   2. movieReviews() /home/ubuntu/workspace/work/practice/p3/reviews.php:60
[24-Sep-2018 19:14:41 UTC] PHP   3. displayRatings() /home/ubuntu/workspace/work/practice/p3/reviews.php:25
[24-Sep-2018 19:14:41 UTC] PHP   4. bar_graph() /home/ubuntu/workspace/work/practice/p3/inc/charts.php:30
[24-Sep-2018 19:14:41 UTC] PHP   5. imagepng() /home/ubuntu/workspace/work/practice/p3/inc/charts.php:71
[24-Sep-2018 19:16:28 UTC] PHP Warning:  imagepng(): Unable to open '/work/practice/p3/inc/charts/1537816588.4401.png' for writing: No such file or directory in /home/ubuntu/workspace/work/practice/p3/inc/charts.php on line 71
[24-Sep-2018 19:16:28 UTC] PHP Stack trace:
[24-Sep-2018 19:16:28 UTC] PHP   1. {main}() /home/ubuntu/workspace/work/practice/p3/reviews.php:0
[24-Sep-2018 19:16:28 UTC] PHP   2. movieReviews() /home/ubuntu/workspace/work/practice/p3/reviews.php:60
[24-Sep-2018 19:16:28 UTC] PHP   3. displayRatings() /home/ubuntu/workspace/work/practice/p3/reviews.php:25
[24-Sep-2018 19:16:28 UTC] PHP   4. bar_graph() /home/ubuntu/workspace/work/practice/p3/inc/charts.php:30
[24-Sep-2018 19:16:28 UTC] PHP   5. imagepng() /home/ubuntu/workspace/work/practice/p3/inc/charts.php:71
[24-Sep-2018 19:17:16 UTC] PHP Warning:  imagepng(): Unable to open '/work/practice/p3/inc/charts/1537816636.1151.png' for writing: No such file or directory in /home/ubuntu/workspace/work/practice/p3/inc/charts.php on line 71
[24-Sep-2018 19:17:16 UTC] PHP Stack trace:
[24-Sep-2018 19:17:16 UTC] PHP   1. {main}() /home/ubuntu/workspace/work/practice/p3/reviews.php:0
[24-Sep-2018 19:17:16 UTC] PHP   2. movieReviews() /home/ubuntu/workspace/work/practice/p3/reviews.php:60
[24-Sep-2018 19:17:16 UTC] PHP   3. displayRatings() /home/ubuntu/workspace/work/practice/p3/reviews.php:25
[24-Sep-2018 19:17:16 UTC] PHP   4. bar_graph() /home/ubuntu/workspace/work/practice/p3/inc/charts.php:30
[24-Sep-2018 19:17:16 UTC] PHP   5. imagepng() /home/ubuntu/workspace/work/practice/p3/inc/charts.php:71
[24-Sep-2018 19:18:41 UTC] PHP Warning:  include(/work/practice/p3/inc/charts.php): failed to open stream: No such file or directory in /home/ubuntu/workspace/work/practice/p3/reviews.php on line 3
[24-Sep-2018 19:18:41 UTC] PHP Stack trace:
[24-Sep-2018 19:18:41 UTC] PHP   1. {main}() /home/ubuntu/workspace/work/practice/p3/reviews.php:0
[24-Sep-2018 19:18:41 UTC] PHP Warning:  include(): Failed opening '/work/practice/p3/inc/charts.php' for inclusion (include_path='.:/usr/share/php:/usr/share/pear') in /home/ubuntu/workspace/work/practice/p3/reviews.php on line 3
[24-Sep-2018 19:18:41 UTC] PHP Stack trace:
[24-Sep-2018 19:18:41 UTC] PHP   1. {main}() /home/ubuntu/workspace/work/practice/p3/reviews.php:0
[24-Sep-2018 19:18:41 UTC] PHP Fatal error:  Call to undefined function displayRatings() in /home/ubuntu/workspace/work/practice/p3/reviews.php on line 25
[24-Sep-2018 19:18:41 UTC] PHP Stack trace:
[24-Sep-2018 19:18:41 UTC] PHP   1. {main}() /home/ubuntu/workspace/work/practice/p3/reviews.php:0
[24-Sep-2018 19:18:41 UTC] PHP   2. movieReviews() /home/ubuntu/workspace/work/practice/p3/reviews.php:60
[24-Sep-2018 19:19:19 UTC] PHP Warning:  include(/work/practice/p3/inc/charts.php): failed to open stream: No such file or directory in /home/ubuntu/workspace/work/practice/p3/reviews.php on line 3
[24-Sep-2018 19:19:19 UTC] PHP Stack trace:
[24-Sep-2018 19:19:19 UTC] PHP   1. {main}() /home/ubuntu/workspace/work/practice/p3/reviews.php:0
[24-Sep-2018 19:19:19 UTC] PHP Warning:  include(): Failed opening '/work/practice/p3/inc/charts.php' for inclusion (include_path='.:/usr/share/php:/usr/share/pear') in /home/ubuntu/workspace/work/practice/p3/reviews.php on line 3
[24-Sep-2018 19:19:19 UTC] PHP Stack trace:
[24-Sep-2018 19:19:19 UTC] PHP   1. {main}() /home/ubuntu/workspace/work/practice/p3/reviews.php:0
[24-Sep-2018 19:19:19 UTC] PHP Fatal error:  Call to undefined function displayRatings() in /home/ubuntu/workspace/work/practice/p3/reviews.php on line 25
[24-Sep-2018 19:19:19 UTC] PHP Stack trace:
[24-Sep-2018 19:19:19 UTC] PHP   1. {main}() /home/ubuntu/workspace/work/practice/p3/reviews.php:0
[24-Sep-2018 19:19:19 UTC] PHP   2. movieReviews() /home/ubuntu/workspace/work/practice/p3/reviews.php:60
[24-Sep-2018 19:19:25 UTC] PHP Warning:  imagepng(): Unable to open 'inc/charts/1537816765.0588.png' for writing: No such file or directory in /home/ubuntu/workspace/work/practice/p3/inc/charts.php on line 71
[24-Sep-2018 19:19:25 UTC] PHP Stack trace:
[24-Sep-2018 19:19:25 UTC] PHP   1. {main}() /home/ubuntu/workspace/work/practice/p3/reviews.php:0
[24-Sep-2018 19:19:25 UTC] PHP   2. movieReviews() /home/ubuntu/workspace/work/practice/p3/reviews.php:60
[24-Sep-2018 19:19:25 UTC] PHP   3. displayRatings() /home/ubuntu/workspace/work/practice/p3/reviews.php:25
[24-Sep-2018 19:19:25 UTC] PHP   4. bar_graph() /home/ubuntu/workspace/work/practice/p3/inc/charts.php:30
[24-Sep-2018 19:19:25 UTC] PHP   5. imagepng() /home/ubuntu/workspace/work/practice/p3/inc/charts.php:71
[24-Sep-2018 19:25:22 UTC] PHP Warning:  imagepng(): Unable to open 'inc/charts/bulbasaur.png' for writing: No such file or directory in /home/ubuntu/workspace/work/practice/p3/inc/charts.php on line 71
[24-Sep-2018 19:25:22 UTC] PHP Stack trace:
[24-Sep-2018 19:25:22 UTC] PHP   1. {main}() /home/ubuntu/workspace/work/practice/p3/reviews.php:0
[24-Sep-2018 19:25:22 UTC] PHP   2. movieReviews() /home/ubuntu/workspace/work/practice/p3/reviews.php:60
[24-Sep-2018 19:25:22 UTC] PHP   3. displayRatings() /home/ubuntu/workspace/work/practice/p3/reviews.php:25
[24-Sep-2018 19:25:22 UTC] PHP   4. bar_graph() /home/ubuntu/workspace/work/practice/p3/inc/charts.php:30
[24-Sep-2018 19:25:22 UTC] PHP   5. imagepng() /home/ubuntu/workspace/work/practice/p3/inc/charts.php:71
[24-Sep-2018 19:25:24 UTC] PHP Warning:  imagepng(): Unable to open 'inc/charts/bulbasaur.png' for writing: No such file or directory in /home/ubuntu/workspace/work/practice/p3/inc/charts.php on line 71
[24-Sep-2018 19:25:24 UTC] PHP Stack trace:
[24-Sep-2018 19:25:24 UTC] PHP   1. {main}() /home/ubuntu/workspace/work/practice/p3/reviews.php:0
[24-Sep-2018 19:25:24 UTC] PHP   2. movieReviews() /home/ubuntu/workspace/work/practice/p3/reviews.php:60
[24-Sep-2018 19:25:24 UTC] PHP   3. displayRatings() /home/ubuntu/workspace/work/practice/p3/reviews.php:25
[24-Sep-2018 19:25:24 UTC] PHP   4. bar_graph() /home/ubuntu/workspace/work/practice/p3/inc/charts.php:30
[24-Sep-2018 19:25:24 UTC] PHP   5. imagepng() /home/ubuntu/workspace/work/practice/p3/inc/charts.php:71
[24-Sep-2018 19:25:25 UTC] PHP Warning:  imagepng(): Unable to open 'inc/charts/bulbasaur.png' for writing: No such file or directory in /home/ubuntu/workspace/work/practice/p3/inc/charts.php on line 71
[24-Sep-2018 19:25:25 UTC] PHP Stack trace:
[24-Sep-2018 19:25:25 UTC] PHP   1. {main}() /home/ubuntu/workspace/work/practice/p3/reviews.php:0
[24-Sep-2018 19:25:25 UTC] PHP   2. movieReviews() /home/ubuntu/workspace/work/practice/p3/reviews.php:60
[24-Sep-2018 19:25:25 UTC] PHP   3. displayRatings() /home/ubuntu/workspace/work/practice/p3/reviews.php:25
[24-Sep-2018 19:25:25 UTC] PHP   4. bar_graph() /home/ubuntu/workspace/work/practice/p3/inc/charts.php:30
[24-Sep-2018 19:25:25 UTC] PHP   5. imagepng() /home/ubuntu/workspace/work/practice/p3/inc/charts.php:71
[24-Sep-2018 19:43:15 UTC] PHP Parse error:  syntax error, unexpected '=', expecting ';' in /home/ubuntu/workspace/work/practice/p3/reviews.php on line 9
[24-Sep-2018 19:46:33 UTC] PHP Parse error:  syntax error, unexpected '$j' (T_VARIABLE) in /home/ubuntu/workspace/work/practice/p3/reviews.php on line 11
[24-Sep-2018 19:54:33 UTC] PHP Warning:  sort() expects parameter 1 to be array, string given in /home/ubuntu/workspace/work/practice/p3/reviews.php on line 12
[24-Sep-2018 19:54:33 UTC] PHP Stack trace:
[24-Sep-2018 19:54:33 UTC] PHP   1. {main}() /home/ubuntu/workspace/work/practice/p3/reviews.php:0
[24-Sep-2018 19:54:33 UTC] PHP   2. movieReviews() /home/ubuntu/workspace/work/practice/p3/reviews.php:71
[24-Sep-2018 19:54:33 UTC] PHP   3. sort() /home/ubuntu/workspace/work/practice/p3/reviews.php:12
[24-Sep-2018 19:54:33 UTC] PHP Warning:  sort() expects parameter 1 to be array, string given in /home/ubuntu/workspace/work/practice/p3/reviews.php on line 12
[24-Sep-2018 19:54:33 UTC] PHP Stack trace:
[24-Sep-2018 19:54:33 UTC] PHP   1. {main}() /home/ubuntu/workspace/work/practice/p3/reviews.php:0
[24-Sep-2018 19:54:33 UTC] PHP   2. movieReviews() /home/ubuntu/workspace/work/practice/p3/reviews.php:71
[24-Sep-2018 19:54:33 UTC] PHP   3. sort() /home/ubuntu/workspace/work/practice/p3/reviews.php:12
[24-Sep-2018 19:54:33 UTC] PHP Warning:  sort() expects parameter 1 to be array, string given in /home/ubuntu/workspace/work/practice/p3/reviews.php on line 12
[24-Sep-2018 19:54:33 UTC] PHP Stack trace:
[24-Sep-2018 19:54:33 UTC] PHP   1. {main}() /home/ubuntu/workspace/work/practice/p3/reviews.php:0
[24-Sep-2018 19:54:33 UTC] PHP   2. movieReviews() /home/ubuntu/workspace/work/practice/p3/reviews.php:71
[24-Sep-2018 19:54:33 UTC] PHP   3. sort() /home/ubuntu/workspace/work/practice/p3/reviews.php:12
[24-Sep-2018 19:54:33 UTC] PHP Warning:  sort() expects parameter 1 to be array, string given in /home/ubuntu/workspace/work/practice/p3/reviews.php on line 12
[24-Sep-2018 19:54:33 UTC] PHP Stack trace:
[24-Sep-2018 19:54:33 UTC] PHP   1. {main}() /home/ubuntu/workspace/work/practice/p3/reviews.php:0
[24-Sep-2018 19:54:33 UTC] PHP   2. movieReviews() /home/ubuntu/workspace/work/practice/p3/reviews.php:71
[24-Sep-2018 19:54:33 UTC] PHP   3. sort() /home/ubuntu/workspace/work/practice/p3/reviews.php:12
[24-Sep-2018 20:16:07 UTC] PHP Warning:  array_push() expects parameter 1 to be array, null given in /home/ubuntu/workspace/work/practice/p3/reviews.php on line 13
[24-Sep-2018 20:16:07 UTC] PHP Stack trace:
[24-Sep-2018 20:16:07 UTC] PHP   1. {main}() /home/ubuntu/workspace/work/practice/p3/reviews.php:0
[24-Sep-2018 20:16:07 UTC] PHP   2. movieReviews() /home/ubuntu/workspace/work/practice/p3/reviews.php:79
[24-Sep-2018 20:16:07 UTC] PHP   3. array_push() /home/ubuntu/workspace/work/practice/p3/reviews.php:13
[24-Sep-2018 20:16:07 UTC] PHP Warning:  array_push() expects parameter 1 to be array, null given in /home/ubuntu/workspace/work/practice/p3/reviews.php on line 13
[24-Sep-2018 20:16:07 UTC] PHP Stack trace:
[24-Sep-2018 20:16:07 UTC] PHP   1. {main}() /home/ubuntu/workspace/work/practice/p3/reviews.php:0
[24-Sep-2018 20:16:07 UTC] PHP   2. movieReviews() /home/ubuntu/workspace/work/practice/p3/reviews.php:79
[24-Sep-2018 20:16:07 UTC] PHP   3. array_push() /home/ubuntu/workspace/work/practice/p3/reviews.php:13
[24-Sep-2018 20:16:07 UTC] PHP Warning:  array_push() expects parameter 1 to be array, null given in /home/ubuntu/workspace/work/practice/p3/reviews.php on line 13
[24-Sep-2018 20:16:07 UTC] PHP Stack trace:
[24-Sep-2018 20:16:07 UTC] PHP   1. {main}() /home/ubuntu/workspace/work/practice/p3/reviews.php:0
[24-Sep-2018 20:16:07 UTC] PHP   2. movieReviews() /home/ubuntu/workspace/work/practice/p3/reviews.php:79
[24-Sep-2018 20:16:07 UTC] PHP   3. array_push() /home/ubuntu/workspace/work/practice/p3/reviews.php:13
[24-Sep-2018 20:16:07 UTC] PHP Warning:  array_push() expects parameter 1 to be array, null given in /home/ubuntu/workspace/work/practice/p3/reviews.php on line 13
[24-Sep-2018 20:16:07 UTC] PHP Stack trace:
[24-Sep-2018 20:16:07 UTC] PHP   1. {main}() /home/ubuntu/workspace/work/practice/p3/reviews.php:0
[24-Sep-2018 20:16:07 UTC] PHP   2. movieReviews() /home/ubuntu/workspace/work/practice/p3/reviews.php:79
[24-Sep-2018 20:16:07 UTC] PHP   3. array_push() /home/ubuntu/workspace/work/practice/p3/reviews.php:13
[24-Sep-2018 20:18:43 UTC] PHP Parse error:  syntax error, unexpected end of file in /home/ubuntu/workspace/work/practice/p3/reviews.php on line 91
[24-Sep-2018 20:19:11 UTC] PHP Parse error:  syntax error, unexpected 'else' (T_ELSE) in /home/ubuntu/workspace/work/practice/p3/reviews.php on line 21
[24-Sep-2018 20:19:12 UTC] PHP Parse error:  syntax error, unexpected 'else' (T_ELSE) in /home/ubuntu/workspace/work/practice/p3/reviews.php on line 21
[24-Sep-2018 20:19:12 UTC] PHP Parse error:  syntax error, unexpected 'else' (T_ELSE) in /home/ubuntu/workspace/work/practice/p3/reviews.php on line 21
[24-Sep-2018 20:20:00 UTC] PHP Warning:  array_push() expects parameter 1 to be array, null given in /home/ubuntu/workspace/work/practice/p3/reviews.php on line 13
[24-Sep-2018 20:20:00 UTC] PHP Stack trace:
[24-Sep-2018 20:20:00 UTC] PHP   1. {main}() /home/ubuntu/workspace/work/practice/p3/reviews.php:0
[24-Sep-2018 20:20:00 UTC] PHP   2. movieReviews() /home/ubuntu/workspace/work/practice/p3/reviews.php:83
[24-Sep-2018 20:20:00 UTC] PHP   3. array_push() /home/ubuntu/workspace/work/practice/p3/reviews.php:13
[24-Sep-2018 20:20:00 UTC] PHP Warning:  array_push() expects parameter 1 to be array, null given in /home/ubuntu/workspace/work/practice/p3/reviews.php on line 13
[24-Sep-2018 20:20:00 UTC] PHP Stack trace:
[24-Sep-2018 20:20:00 UTC] PHP   1. {main}() /home/ubuntu/workspace/work/practice/p3/reviews.php:0
[24-Sep-2018 20:20:00 UTC] PHP   2. movieReviews() /home/ubuntu/workspace/work/practice/p3/reviews.php:83
[24-Sep-2018 20:20:00 UTC] PHP   3. array_push() /home/ubuntu/workspace/work/practice/p3/reviews.php:13
[24-Sep-2018 20:20:00 UTC] PHP Warning:  array_push() expects parameter 1 to be array, null given in /home/ubuntu/workspace/work/practice/p3/reviews.php on line 13
[24-Sep-2018 20:20:00 UTC] PHP Stack trace:
[24-Sep-2018 20:20:00 UTC] PHP   1. {main}() /home/ubuntu/workspace/work/practice/p3/reviews.php:0
[24-Sep-2018 20:20:00 UTC] PHP   2. movieReviews() /home/ubuntu/workspace/work/practice/p3/reviews.php:83
[24-Sep-2018 20:20:00 UTC] PHP   3. array_push() /home/ubuntu/workspace/work/practice/p3/reviews.php:13
[24-Sep-2018 20:20:00 UTC] PHP Warning:  array_push() expects parameter 1 to be array, null given in /home/ubuntu/workspace/work/practice/p3/reviews.php on line 13
[24-Sep-2018 20:20:00 UTC] PHP Stack trace:
[24-Sep-2018 20:20:00 UTC] PHP   1. {main}() /home/ubuntu/workspace/work/practice/p3/reviews.php:0
[24-Sep-2018 20:20:00 UTC] PHP   2. movieReviews() /home/ubuntu/workspace/work/practice/p3/reviews.php:83
[24-Sep-2018 20:20:00 UTC] PHP   3. array_push() /home/ubuntu/workspace/work/practice/p3/reviews.php:13
[24-Sep-2018 20:22:01 UTC] PHP Warning:  array_push() expects parameter 1 to be array, null given in /home/ubuntu/workspace/work/practice/p3/reviews.php on line 17
[24-Sep-2018 20:22:01 UTC] PHP Stack trace:
[24-Sep-2018 20:22:01 UTC] PHP   1. {main}() /home/ubuntu/workspace/work/practice/p3/reviews.php:0
[24-Sep-2018 20:22:01 UTC] PHP   2. movieReviews() /home/ubuntu/workspace/work/practice/p3/reviews.php:87
[24-Sep-2018 20:22:01 UTC] PHP   3. array_push() /home/ubuntu/workspace/work/practice/p3/reviews.php:17
[24-Sep-2018 20:22:01 UTC] PHP Warning:  array_push() expects parameter 1 to be array, null given in /home/ubuntu/workspace/work/practice/p3/reviews.php on line 17
[24-Sep-2018 20:22:01 UTC] PHP Stack trace:
[24-Sep-2018 20:22:01 UTC] PHP   1. {main}() /home/ubuntu/workspace/work/practice/p3/reviews.php:0
[24-Sep-2018 20:22:01 UTC] PHP   2. movieReviews() /home/ubuntu/workspace/work/practice/p3/reviews.php:87
[24-Sep-2018 20:22:01 UTC] PHP   3. array_push() /home/ubuntu/workspace/work/practice/p3/reviews.php:17
[24-Sep-2018 20:22:01 UTC] PHP Warning:  array_push() expects parameter 1 to be array, null given in /home/ubuntu/workspace/work/practice/p3/reviews.php on line 17
[24-Sep-2018 20:22:01 UTC] PHP Stack trace:
[24-Sep-2018 20:22:01 UTC] PHP   1. {main}() /home/ubuntu/workspace/work/practice/p3/reviews.php:0
[24-Sep-2018 20:22:01 UTC] PHP   2. movieReviews() /home/ubuntu/workspace/work/practice/p3/reviews.php:87
[24-Sep-2018 20:22:01 UTC] PHP   3. array_push() /home/ubuntu/workspace/work/practice/p3/reviews.php:17
[24-Sep-2018 20:22:01 UTC] PHP Warning:  array_push() expects parameter 1 to be array, null given in /home/ubuntu/workspace/work/practice/p3/reviews.php on line 17
[24-Sep-2018 20:22:01 UTC] PHP Stack trace:
[24-Sep-2018 20:22:01 UTC] PHP   1. {main}() /home/ubuntu/workspace/work/practice/p3/reviews.php:0
[24-Sep-2018 20:22:01 UTC] PHP   2. movieReviews() /home/ubuntu/workspace/work/practice/p3/reviews.php:87
[24-Sep-2018 20:22:01 UTC] PHP   3. array_push() /home/ubuntu/workspace/work/practice/p3/reviews.php:17
[24-Sep-2018 20:22:08 UTC] PHP Warning:  array_push() expects parameter 1 to be array, null given in /home/ubuntu/workspace/work/practice/p3/reviews.php on line 17
[24-Sep-2018 20:22:08 UTC] PHP Stack trace:
[24-Sep-2018 20:22:08 UTC] PHP   1. {main}() /home/ubuntu/workspace/work/practice/p3/reviews.php:0
[24-Sep-2018 20:22:08 UTC] PHP   2. movieReviews() /home/ubuntu/workspace/work/practice/p3/reviews.php:87
[24-Sep-2018 20:22:08 UTC] PHP   3. array_push() /home/ubuntu/workspace/work/practice/p3/reviews.php:17
[24-Sep-2018 20:22:08 UTC] PHP Warning:  array_push() expects parameter 1 to be array, null given in /home/ubuntu/workspace/work/practice/p3/reviews.php on line 17
[24-Sep-2018 20:22:08 UTC] PHP Stack trace:
[24-Sep-2018 20:22:08 UTC] PHP   1. {main}() /home/ubuntu/workspace/work/practice/p3/reviews.php:0
[24-Sep-2018 20:22:08 UTC] PHP   2. movieReviews() /home/ubuntu/workspace/work/practice/p3/reviews.php:87
[24-Sep-2018 20:22:08 UTC] PHP   3. array_push() /home/ubuntu/workspace/work/practice/p3/reviews.php:17
[24-Sep-2018 20:22:08 UTC] PHP Warning:  array_push() expects parameter 1 to be array, null given in /home/ubuntu/workspace/work/practice/p3/reviews.php on line 17
[24-Sep-2018 20:22:08 UTC] PHP Stack trace:
[24-Sep-2018 20:22:08 UTC] PHP   1. {main}() /home/ubuntu/workspace/work/practice/p3/reviews.php:0
[24-Sep-2018 20:22:08 UTC] PHP   2. movieReviews() /home/ubuntu/workspace/work/practice/p3/reviews.php:87
[24-Sep-2018 20:22:08 UTC] PHP   3. array_push() /home/ubuntu/workspace/work/practice/p3/reviews.php:17
[24-Sep-2018 20:22:08 UTC] PHP Warning:  array_push() expects parameter 1 to be array, null given in /home/ubuntu/workspace/work/practice/p3/reviews.php on line 17
[24-Sep-2018 20:22:08 UTC] PHP Stack trace:
[24-Sep-2018 20:22:08 UTC] PHP   1. {main}() /home/ubuntu/workspace/work/practice/p3/reviews.php:0
[24-Sep-2018 20:22:08 UTC] PHP   2. movieReviews() /home/ubuntu/workspace/work/practice/p3/reviews.php:87
[24-Sep-2018 20:22:08 UTC] PHP   3. array_push() /home/ubuntu/workspace/work/practice/p3/reviews.php:17
[24-Sep-2018 20:22:09 UTC] PHP Warning:  array_push() expects parameter 1 to be array, null given in /home/ubuntu/workspace/work/practice/p3/reviews.php on line 17
[24-Sep-2018 20:22:09 UTC] PHP Stack trace:
[24-Sep-2018 20:22:09 UTC] PHP   1. {main}() /home/ubuntu/workspace/work/practice/p3/reviews.php:0
[24-Sep-2018 20:22:09 UTC] PHP   2. movieReviews() /home/ubuntu/workspace/work/practice/p3/reviews.php:87
[24-Sep-2018 20:22:09 UTC] PHP   3. array_push() /home/ubuntu/workspace/work/practice/p3/reviews.php:17
[24-Sep-2018 20:22:09 UTC] PHP Warning:  array_push() expects parameter 1 to be array, null given in /home/ubuntu/workspace/work/practice/p3/reviews.php on line 17
[24-Sep-2018 20:22:09 UTC] PHP Stack trace:
[24-Sep-2018 20:22:09 UTC] PHP   1. {main}() /home/ubuntu/workspace/work/practice/p3/reviews.php:0
[24-Sep-2018 20:22:09 UTC] PHP   2. movieReviews() /home/ubuntu/workspace/work/practice/p3/reviews.php:87
[24-Sep-2018 20:22:09 UTC] PHP   3. array_push() /home/ubuntu/workspace/work/practice/p3/reviews.php:17
[24-Sep-2018 20:22:09 UTC] PHP Warning:  array_push() expects parameter 1 to be array, null given in /home/ubuntu/workspace/work/practice/p3/reviews.php on line 17
[24-Sep-2018 20:22:09 UTC] PHP Stack trace:
[24-Sep-2018 20:22:09 UTC] PHP   1. {main}() /home/ubuntu/workspace/work/practice/p3/reviews.php:0
[24-Sep-2018 20:22:09 UTC] PHP   2. movieReviews() /home/ubuntu/workspace/work/practice/p3/reviews.php:87
[24-Sep-2018 20:22:09 UTC] PHP   3. array_push() /home/ubuntu/workspace/work/practice/p3/reviews.php:17
[24-Sep-2018 20:22:09 UTC] PHP Warning:  array_push() expects parameter 1 to be array, null given in /home/ubuntu/workspace/work/practice/p3/reviews.php on line 17
[24-Sep-2018 20:22:09 UTC] PHP Stack trace:
[24-Sep-2018 20:22:09 UTC] PHP   1. {main}() /home/ubuntu/workspace/work/practice/p3/reviews.php:0
[24-Sep-2018 20:22:09 UTC] PHP   2. movieReviews() /home/ubuntu/workspace/work/practice/p3/reviews.php:87
[24-Sep-2018 20:22:09 UTC] PHP   3. array_push() /home/ubuntu/workspace/work/practice/p3/reviews.php:17
[24-Sep-2018 20:22:10 UTC] PHP Warning:  array_push() expects parameter 1 to be array, null given in /home/ubuntu/workspace/work/practice/p3/reviews.php on line 17
[24-Sep-2018 20:22:10 UTC] PHP Stack trace:
[24-Sep-2018 20:22:10 UTC] PHP   1. {main}() /home/ubuntu/workspace/work/practice/p3/reviews.php:0
[24-Sep-2018 20:22:10 UTC] PHP   2. movieReviews() /home/ubuntu/workspace/work/practice/p3/reviews.php:87
[24-Sep-2018 20:22:10 UTC] PHP   3. array_push() /home/ubuntu/workspace/work/practice/p3/reviews.php:17
[24-Sep-2018 20:22:10 UTC] PHP Warning:  array_push() expects parameter 1 to be array, null given in /home/ubuntu/workspace/work/practice/p3/reviews.php on line 17
[24-Sep-2018 20:22:10 UTC] PHP Stack trace:
[24-Sep-2018 20:22:10 UTC] PHP   1. {main}() /home/ubuntu/workspace/work/practice/p3/reviews.php:0
[24-Sep-2018 20:22:10 UTC] PHP   2. movieReviews() /home/ubuntu/workspace/work/practice/p3/reviews.php:87
[24-Sep-2018 20:22:10 UTC] PHP   3. array_push() /home/ubuntu/workspace/work/practice/p3/reviews.php:17
[24-Sep-2018 20:22:10 UTC] PHP Warning:  array_push() expects parameter 1 to be array, null given in /home/ubuntu/workspace/work/practice/p3/reviews.php on line 17
[24-Sep-2018 20:22:10 UTC] PHP Stack trace:
[24-Sep-2018 20:22:10 UTC] PHP   1. {main}() /home/ubuntu/workspace/work/practice/p3/reviews.php:0
[24-Sep-2018 20:22:10 UTC] PHP   2. movieReviews() /home/ubuntu/workspace/work/practice/p3/reviews.php:87
[24-Sep-2018 20:22:10 UTC] PHP   3. array_push() /home/ubuntu/workspace/work/practice/p3/reviews.php:17
[24-Sep-2018 20:22:10 UTC] PHP Warning:  array_push() expects parameter 1 to be array, null given in /home/ubuntu/workspace/work/practice/p3/reviews.php on line 17
[24-Sep-2018 20:22:10 UTC] PHP Stack trace:
[24-Sep-2018 20:22:10 UTC] PHP   1. {main}() /home/ubuntu/workspace/work/practice/p3/reviews.php:0
[24-Sep-2018 20:22:10 UTC] PHP   2. movieReviews() /home/ubuntu/workspace/work/practice/p3/reviews.php:87
[24-Sep-2018 20:22:10 UTC] PHP   3. array_push() /home/ubuntu/workspace/work/practice/p3/reviews.php:17
[24-Sep-2018 20:22:10 UTC] PHP Warning:  array_push() expects parameter 1 to be array, null given in /home/ubuntu/workspace/work/practice/p3/reviews.php on line 17
[24-Sep-2018 20:22:10 UTC] PHP Stack trace:
[24-Sep-2018 20:22:10 UTC] PHP   1. {main}() /home/ubuntu/workspace/work/practice/p3/reviews.php:0
[24-Sep-2018 20:22:10 UTC] PHP   2. movieReviews() /home/ubuntu/workspace/work/practice/p3/reviews.php:87
[24-Sep-2018 20:22:10 UTC] PHP   3. array_push() /home/ubuntu/workspace/work/practice/p3/reviews.php:17
[24-Sep-2018 20:22:10 UTC] PHP Warning:  array_push() expects parameter 1 to be array, null given in /home/ubuntu/workspace/work/practice/p3/reviews.php on line 17
[24-Sep-2018 20:22:10 UTC] PHP Stack trace:
[24-Sep-2018 20:22:10 UTC] PHP   1. {main}() /home/ubuntu/workspace/work/practice/p3/reviews.php:0
[24-Sep-2018 20:22:10 UTC] PHP   2. movieReviews() /home/ubuntu/workspace/work/practice/p3/reviews.php:87
[24-Sep-2018 20:22:10 UTC] PHP   3. array_push() /home/ubuntu/workspace/work/practice/p3/reviews.php:17
[24-Sep-2018 20:22:10 UTC] PHP Warning:  array_push() expects parameter 1 to be array, null given in /home/ubuntu/workspace/work/practice/p3/reviews.php on line 17
[24-Sep-2018 20:22:10 UTC] PHP Stack trace:
[24-Sep-2018 20:22:10 UTC] PHP   1. {main}() /home/ubuntu/workspace/work/practice/p3/reviews.php:0
[24-Sep-2018 20:22:10 UTC] PHP   2. movieReviews() /home/ubuntu/workspace/work/practice/p3/reviews.php:87
[24-Sep-2018 20:22:10 UTC] PHP   3. array_push() /home/ubuntu/workspace/work/practice/p3/reviews.php:17
[24-Sep-2018 20:22:10 UTC] PHP Warning:  array_push() expects parameter 1 to be array, null given in /home/ubuntu/workspace/work/practice/p3/reviews.php on line 17
[24-Sep-2018 20:22:10 UTC] PHP Stack trace:
[24-Sep-2018 20:22:10 UTC] PHP   1. {main}() /home/ubuntu/workspace/work/practice/p3/reviews.php:0
[24-Sep-2018 20:22:10 UTC] PHP   2. movieReviews() /home/ubuntu/workspace/work/practice/p3/reviews.php:87
[24-Sep-2018 20:22:10 UTC] PHP   3. array_push() /home/ubuntu/workspace/work/practice/p3/reviews.php:17
[24-Sep-2018 20:23:58 UTC] PHP Warning:  array_push() expects parameter 1 to be array, null given in /home/ubuntu/workspace/work/practice/p3/reviews.php on line 24
[24-Sep-2018 20:23:58 UTC] PHP Stack trace:
[24-Sep-2018 20:23:58 UTC] PHP   1. {main}() /home/ubuntu/workspace/work/practice/p3/reviews.php:0
[24-Sep-2018 20:23:58 UTC] PHP   2. movieReviews() /home/ubuntu/workspace/work/practice/p3/reviews.php:94
[24-Sep-2018 20:23:58 UTC] PHP   3. array_push() /home/ubuntu/workspace/work/practice/p3/reviews.php:24
[24-Sep-2018 20:23:58 UTC] PHP Warning:  array_push() expects parameter 1 to be array, null given in /home/ubuntu/workspace/work/practice/p3/reviews.php on line 24
[24-Sep-2018 20:23:58 UTC] PHP Stack trace:
[24-Sep-2018 20:23:58 UTC] PHP   1. {main}() /home/ubuntu/workspace/work/practice/p3/reviews.php:0
[24-Sep-2018 20:23:58 UTC] PHP   2. movieReviews() /home/ubuntu/workspace/work/practice/p3/reviews.php:94
[24-Sep-2018 20:23:58 UTC] PHP   3. array_push() /home/ubuntu/workspace/work/practice/p3/reviews.php:24
[24-Sep-2018 20:23:58 UTC] PHP Warning:  array_push() expects parameter 1 to be array, null given in /home/ubuntu/workspace/work/practice/p3/reviews.php on line 24
[24-Sep-2018 20:23:58 UTC] PHP Stack trace:
[24-Sep-2018 20:23:58 UTC] PHP   1. {main}() /home/ubuntu/workspace/work/practice/p3/reviews.php:0
[24-Sep-2018 20:23:58 UTC] PHP   2. movieReviews() /home/ubuntu/workspace/work/practice/p3/reviews.php:94
[24-Sep-2018 20:23:58 UTC] PHP   3. array_push() /home/ubuntu/workspace/work/practice/p3/reviews.php:24
[24-Sep-2018 20:23:58 UTC] PHP Warning:  array_push() expects parameter 1 to be array, null given in /home/ubuntu/workspace/work/practice/p3/reviews.php on line 24
[24-Sep-2018 20:23:58 UTC] PHP Stack trace:
[24-Sep-2018 20:23:58 UTC] PHP   1. {main}() /home/ubuntu/workspace/work/practice/p3/reviews.php:0
[24-Sep-2018 20:23:58 UTC] PHP   2. movieReviews() /home/ubuntu/workspace/work/practice/p3/reviews.php:94
[24-Sep-2018 20:23:58 UTC] PHP   3. array_push() /home/ubuntu/workspace/work/practice/p3/reviews.php:24
[24-Sep-2018 20:23:59 UTC] PHP Warning:  array_push() expects parameter 1 to be array, null given in /home/ubuntu/workspace/work/practice/p3/reviews.php on line 24
[24-Sep-2018 20:23:59 UTC] PHP Stack trace:
[24-Sep-2018 20:23:59 UTC] PHP   1. {main}() /home/ubuntu/workspace/work/practice/p3/reviews.php:0
[24-Sep-2018 20:23:59 UTC] PHP   2. movieReviews() /home/ubuntu/workspace/work/practice/p3/reviews.php:94
[24-Sep-2018 20:23:59 UTC] PHP   3. array_push() /home/ubuntu/workspace/work/practice/p3/reviews.php:24
[24-Sep-2018 20:23:59 UTC] PHP Warning:  array_push() expects parameter 1 to be array, null given in /home/ubuntu/workspace/work/practice/p3/reviews.php on line 24
[24-Sep-2018 20:23:59 UTC] PHP Stack trace:
[24-Sep-2018 20:23:59 UTC] PHP   1. {main}() /home/ubuntu/workspace/work/practice/p3/reviews.php:0
[24-Sep-2018 20:23:59 UTC] PHP   2. movieReviews() /home/ubuntu/workspace/work/practice/p3/reviews.php:94
[24-Sep-2018 20:23:59 UTC] PHP   3. array_push() /home/ubuntu/workspace/work/practice/p3/reviews.php:24
[24-Sep-2018 20:23:59 UTC] PHP Warning:  array_push() expects parameter 1 to be array, null given in /home/ubuntu/workspace/work/practice/p3/reviews.php on line 24
[24-Sep-2018 20:23:59 UTC] PHP Stack trace:
[24-Sep-2018 20:23:59 UTC] PHP   1. {main}() /home/ubuntu/workspace/work/practice/p3/reviews.php:0
[24-Sep-2018 20:23:59 UTC] PHP   2. movieReviews() /home/ubuntu/workspace/work/practice/p3/reviews.php:94
[24-Sep-2018 20:23:59 UTC] PHP   3. array_push() /home/ubuntu/workspace/work/practice/p3/reviews.php:24
[24-Sep-2018 20:23:59 UTC] PHP Warning:  array_push() expects parameter 1 to be array, null given in /home/ubuntu/workspace/work/practice/p3/reviews.php on line 24
[24-Sep-2018 20:23:59 UTC] PHP Stack trace:
[24-Sep-2018 20:23:59 UTC] PHP   1. {main}() /home/ubuntu/workspace/work/practice/p3/reviews.php:0
[24-Sep-2018 20:23:59 UTC] PHP   2. movieReviews() /home/ubuntu/workspace/work/practice/p3/reviews.php:94
[24-Sep-2018 20:23:59 UTC] PHP   3. array_push() /home/ubuntu/workspace/work/practice/p3/reviews.php:24
[24-Sep-2018 20:24:00 UTC] PHP Warning:  array_push() expects parameter 1 to be array, null given in /home/ubuntu/workspace/work/practice/p3/reviews.php on line 24
[24-Sep-2018 20:24:00 UTC] PHP Stack trace:
[24-Sep-2018 20:24:00 UTC] PHP   1. {main}() /home/ubuntu/workspace/work/practice/p3/reviews.php:0
[24-Sep-2018 20:24:00 UTC] PHP   2. movieReviews() /home/ubuntu/workspace/work/practice/p3/reviews.php:94
[24-Sep-2018 20:24:00 UTC] PHP   3. array_push() /home/ubuntu/workspace/work/practice/p3/reviews.php:24
[24-Sep-2018 20:24:00 UTC] PHP Warning:  array_push() expects parameter 1 to be array, null given in /home/ubuntu/workspace/work/practice/p3/reviews.php on line 24
[24-Sep-2018 20:24:00 UTC] PHP Stack trace:
[24-Sep-2018 20:24:00 UTC] PHP   1. {main}() /home/ubuntu/workspace/work/practice/p3/reviews.php:0
[24-Sep-2018 20:24:00 UTC] PHP   2. movieReviews() /home/ubuntu/workspace/work/practice/p3/reviews.php:94
[24-Sep-2018 20:24:00 UTC] PHP   3. array_push() /home/ubuntu/workspace/work/practice/p3/reviews.php:24
[24-Sep-2018 20:24:00 UTC] PHP Warning:  array_push() expects parameter 1 to be array, null given in /home/ubuntu/workspace/work/practice/p3/reviews.php on line 24
[24-Sep-2018 20:24:00 UTC] PHP Stack trace:
[24-Sep-2018 20:24:00 UTC] PHP   1. {main}() /home/ubuntu/workspace/work/practice/p3/reviews.php:0
[24-Sep-2018 20:24:00 UTC] PHP   2. movieReviews() /home/ubuntu/workspace/work/practice/p3/reviews.php:94
[24-Sep-2018 20:24:00 UTC] PHP   3. array_push() /home/ubuntu/workspace/work/practice/p3/reviews.php:24
[24-Sep-2018 20:24:00 UTC] PHP Warning:  array_push() expects parameter 1 to be array, null given in /home/ubuntu/workspace/work/practice/p3/reviews.php on line 24
[24-Sep-2018 20:24:00 UTC] PHP Stack trace:
[24-Sep-2018 20:24:00 UTC] PHP   1. {main}() /home/ubuntu/workspace/work/practice/p3/reviews.php:0
[24-Sep-2018 20:24:00 UTC] PHP   2. movieReviews() /home/ubuntu/workspace/work/practice/p3/reviews.php:94
[24-Sep-2018 20:24:00 UTC] PHP   3. array_push() /home/ubuntu/workspace/work/practice/p3/reviews.php:24
[24-Sep-2018 20:24:01 UTC] PHP Warning:  array_push() expects parameter 1 to be array, null given in /home/ubuntu/workspace/work/practice/p3/reviews.php on line 24
[24-Sep-2018 20:24:01 UTC] PHP Stack trace:
[24-Sep-2018 20:24:01 UTC] PHP   1. {main}() /home/ubuntu/workspace/work/practice/p3/reviews.php:0
[24-Sep-2018 20:24:01 UTC] PHP   2. movieReviews() /home/ubuntu/workspace/work/practice/p3/reviews.php:94
[24-Sep-2018 20:24:01 UTC] PHP   3. array_push() /home/ubuntu/workspace/work/practice/p3/reviews.php:24
[24-Sep-2018 20:24:01 UTC] PHP Warning:  array_push() expects parameter 1 to be array, null given in /home/ubuntu/workspace/work/practice/p3/reviews.php on line 24
[24-Sep-2018 20:24:01 UTC] PHP Stack trace:
[24-Sep-2018 20:24:01 UTC] PHP   1. {main}() /home/ubuntu/workspace/work/practice/p3/reviews.php:0
[24-Sep-2018 20:24:01 UTC] PHP   2. movieReviews() /home/ubuntu/workspace/work/practice/p3/reviews.php:94
[24-Sep-2018 20:24:01 UTC] PHP   3. array_push() /home/ubuntu/workspace/work/practice/p3/reviews.php:24
[24-Sep-2018 20:24:01 UTC] PHP Warning:  array_push() expects parameter 1 to be array, null given in /home/ubuntu/workspace/work/practice/p3/reviews.php on line 24
[24-Sep-2018 20:24:01 UTC] PHP Stack trace:
[24-Sep-2018 20:24:01 UTC] PHP   1. {main}() /home/ubuntu/workspace/work/practice/p3/reviews.php:0
[24-Sep-2018 20:24:01 UTC] PHP   2. movieReviews() /home/ubuntu/workspace/work/practice/p3/reviews.php:94
[24-Sep-2018 20:24:01 UTC] PHP   3. array_push() /home/ubuntu/workspace/work/practice/p3/reviews.php:24
[24-Sep-2018 20:24:01 UTC] PHP Warning:  array_push() expects parameter 1 to be array, null given in /home/ubuntu/workspace/work/practice/p3/reviews.php on line 24
[24-Sep-2018 20:24:01 UTC] PHP Stack trace:
[24-Sep-2018 20:24:01 UTC] PHP   1. {main}() /home/ubuntu/workspace/work/practice/p3/reviews.php:0
[24-Sep-2018 20:24:01 UTC] PHP   2. movieReviews() /home/ubuntu/workspace/work/practice/p3/reviews.php:94
[24-Sep-2018 20:24:01 UTC] PHP   3. array_push() /home/ubuntu/workspace/work/practice/p3/reviews.php:24
[24-Sep-2018 20:24:49 UTC] PHP Warning:  array_push() expects parameter 1 to be array, null given in /home/ubuntu/workspace/work/practice/p3/reviews.php on line 25
[24-Sep-2018 20:24:49 UTC] PHP Stack trace:
[24-Sep-2018 20:24:49 UTC] PHP   1. {main}() /home/ubuntu/workspace/work/practice/p3/reviews.php:0
[24-Sep-2018 20:24:49 UTC] PHP   2. movieReviews() /home/ubuntu/workspace/work/practice/p3/reviews.php:95
[24-Sep-2018 20:24:49 UTC] PHP   3. array_push() /home/ubuntu/workspace/work/practice/p3/reviews.php:25
[24-Sep-2018 20:24:49 UTC] PHP Warning:  array_push() expects parameter 1 to be array, null given in /home/ubuntu/workspace/work/practice/p3/reviews.php on line 25
[24-Sep-2018 20:24:49 UTC] PHP Stack trace:
[24-Sep-2018 20:24:49 UTC] PHP   1. {main}() /home/ubuntu/workspace/work/practice/p3/reviews.php:0
[24-Sep-2018 20:24:49 UTC] PHP   2. movieReviews() /home/ubuntu/workspace/work/practice/p3/reviews.php:95
[24-Sep-2018 20:24:49 UTC] PHP   3. array_push() /home/ubuntu/workspace/work/practice/p3/reviews.php:25
[24-Sep-2018 20:24:49 UTC] PHP Warning:  array_push() expects parameter 1 to be array, null given in /home/ubuntu/workspace/work/practice/p3/reviews.php on line 25
[24-Sep-2018 20:24:49 UTC] PHP Stack trace:
[24-Sep-2018 20:24:49 UTC] PHP   1. {main}() /home/ubuntu/workspace/work/practice/p3/reviews.php:0
[24-Sep-2018 20:24:49 UTC] PHP   2. movieReviews() /home/ubuntu/workspace/work/practice/p3/reviews.php:95
[24-Sep-2018 20:24:49 UTC] PHP   3. array_push() /home/ubuntu/workspace/work/practice/p3/reviews.php:25
[24-Sep-2018 20:24:49 UTC] PHP Warning:  array_push() expects parameter 1 to be array, null given in /home/ubuntu/workspace/work/practice/p3/reviews.php on line 25
[24-Sep-2018 20:24:49 UTC] PHP Stack trace:
[24-Sep-2018 20:24:49 UTC] PHP   1. {main}() /home/ubuntu/workspace/work/practice/p3/reviews.php:0
[24-Sep-2018 20:24:49 UTC] PHP   2. movieReviews() /home/ubuntu/workspace/work/practice/p3/reviews.php:95
[24-Sep-2018 20:24:49 UTC] PHP   3. array_push() /home/ubuntu/workspace/work/practice/p3/reviews.php:25
[24-Sep-2018 20:24:50 UTC] PHP Warning:  array_push() expects parameter 1 to be array, null given in /home/ubuntu/workspace/work/practice/p3/reviews.php on line 25
[24-Sep-2018 20:24:50 UTC] PHP Stack trace:
[24-Sep-2018 20:24:50 UTC] PHP   1. {main}() /home/ubuntu/workspace/work/practice/p3/reviews.php:0
[24-Sep-2018 20:24:50 UTC] PHP   2. movieReviews() /home/ubuntu/workspace/work/practice/p3/reviews.php:95
[24-Sep-2018 20:24:50 UTC] PHP   3. array_push() /home/ubuntu/workspace/work/practice/p3/reviews.php:25
[24-Sep-2018 20:24:50 UTC] PHP Warning:  array_push() expects parameter 1 to be array, null given in /home/ubuntu/workspace/work/practice/p3/reviews.php on line 25
[24-Sep-2018 20:24:50 UTC] PHP Stack trace:
[24-Sep-2018 20:24:50 UTC] PHP   1. {main}() /home/ubuntu/workspace/work/practice/p3/reviews.php:0
[24-Sep-2018 20:24:50 UTC] PHP   2. movieReviews() /home/ubuntu/workspace/work/practice/p3/reviews.php:95
[24-Sep-2018 20:24:50 UTC] PHP   3. array_push() /home/ubuntu/workspace/work/practice/p3/reviews.php:25
[24-Sep-2018 20:24:50 UTC] PHP Warning:  array_push() expects parameter 1 to be array, null given in /home/ubuntu/workspace/work/practice/p3/reviews.php on line 25
[24-Sep-2018 20:24:50 UTC] PHP Stack trace:
[24-Sep-2018 20:24:50 UTC] PHP   1. {main}() /home/ubuntu/workspace/work/practice/p3/reviews.php:0
[24-Sep-2018 20:24:50 UTC] PHP   2. movieReviews() /home/ubuntu/workspace/work/practice/p3/reviews.php:95
[24-Sep-2018 20:24:50 UTC] PHP   3. array_push() /home/ubuntu/workspace/work/practice/p3/reviews.php:25
[24-Sep-2018 20:24:50 UTC] PHP Warning:  array_push() expects parameter 1 to be array, null given in /home/ubuntu/workspace/work/practice/p3/reviews.php on line 25
[24-Sep-2018 20:24:50 UTC] PHP Stack trace:
[24-Sep-2018 20:24:50 UTC] PHP   1. {main}() /home/ubuntu/workspace/work/practice/p3/reviews.php:0
[24-Sep-2018 20:24:50 UTC] PHP   2. movieReviews() /home/ubuntu/workspace/work/practice/p3/reviews.php:95
[24-Sep-2018 20:24:50 UTC] PHP   3. array_push() /home/ubuntu/workspace/work/practice/p3/reviews.php:25
[24-Sep-2018 20:24:50 UTC] PHP Warning:  array_push() expects parameter 1 to be array, null given in /home/ubuntu/workspace/work/practice/p3/reviews.php on line 25
[24-Sep-2018 20:24:50 UTC] PHP Stack trace:
[24-Sep-2018 20:24:50 UTC] PHP   1. {main}() /home/ubuntu/workspace/work/practice/p3/reviews.php:0
[24-Sep-2018 20:24:50 UTC] PHP   2. movieReviews() /home/ubuntu/workspace/work/practice/p3/reviews.php:95
[24-Sep-2018 20:24:50 UTC] PHP   3. array_push() /home/ubuntu/workspace/work/practice/p3/reviews.php:25
[24-Sep-2018 20:24:50 UTC] PHP Warning:  array_push() expects parameter 1 to be array, null given in /home/ubuntu/workspace/work/practice/p3/reviews.php on line 25
[24-Sep-2018 20:24:50 UTC] PHP Stack trace:
[24-Sep-2018 20:24:50 UTC] PHP   1. {main}() /home/ubuntu/workspace/work/practice/p3/reviews.php:0
[24-Sep-2018 20:24:50 UTC] PHP   2. movieReviews() /home/ubuntu/workspace/work/practice/p3/reviews.php:95
[24-Sep-2018 20:24:50 UTC] PHP   3. array_push() /home/ubuntu/workspace/work/practice/p3/reviews.php:25
[24-Sep-2018 20:24:50 UTC] PHP Warning:  array_push() expects parameter 1 to be array, null given in /home/ubuntu/workspace/work/practice/p3/reviews.php on line 25
[24-Sep-2018 20:24:50 UTC] PHP Stack trace:
[24-Sep-2018 20:24:50 UTC] PHP   1. {main}() /home/ubuntu/workspace/work/practice/p3/reviews.php:0
[24-Sep-2018 20:24:50 UTC] PHP   2. movieReviews() /home/ubuntu/workspace/work/practice/p3/reviews.php:95
[24-Sep-2018 20:24:50 UTC] PHP   3. array_push() /home/ubuntu/workspace/work/practice/p3/reviews.php:25
[24-Sep-2018 20:24:50 UTC] PHP Warning:  array_push() expects parameter 1 to be array, null given in /home/ubuntu/workspace/work/practice/p3/reviews.php on line 25
[24-Sep-2018 20:24:50 UTC] PHP Stack trace:
[24-Sep-2018 20:24:50 UTC] PHP   1. {main}() /home/ubuntu/workspace/work/practice/p3/reviews.php:0
[24-Sep-2018 20:24:50 UTC] PHP   2. movieReviews() /home/ubuntu/workspace/work/practice/p3/reviews.php:95
[24-Sep-2018 20:24:50 UTC] PHP   3. array_push() /home/ubuntu/workspace/work/practice/p3/reviews.php:25
[24-Sep-2018 20:25:43 UTC] PHP Warning:  array_push() expects parameter 1 to be array, null given in /home/ubuntu/workspace/work/practice/p3/reviews.php on line 28
[24-Sep-2018 20:25:43 UTC] PHP Stack trace:
[24-Sep-2018 20:25:43 UTC] PHP   1. {main}() /home/ubuntu/workspace/work/practice/p3/reviews.php:0
[24-Sep-2018 20:25:43 UTC] PHP   2. movieReviews() /home/ubuntu/workspace/work/practice/p3/reviews.php:98
[24-Sep-2018 20:25:43 UTC] PHP   3. array_push() /home/ubuntu/workspace/work/practice/p3/reviews.php:28
[24-Sep-2018 20:25:43 UTC] PHP Warning:  array_push() expects parameter 1 to be array, null given in /home/ubuntu/workspace/work/practice/p3/reviews.php on line 28
[24-Sep-2018 20:25:43 UTC] PHP Stack trace:
[24-Sep-2018 20:25:43 UTC] PHP   1. {main}() /home/ubuntu/workspace/work/practice/p3/reviews.php:0
[24-Sep-2018 20:25:43 UTC] PHP   2. movieReviews() /home/ubuntu/workspace/work/practice/p3/reviews.php:98
[24-Sep-2018 20:25:43 UTC] PHP   3. array_push() /home/ubuntu/workspace/work/practice/p3/reviews.php:28
[24-Sep-2018 20:25:43 UTC] PHP Warning:  array_push() expects parameter 1 to be array, null given in /home/ubuntu/workspace/work/practice/p3/reviews.php on line 28
[24-Sep-2018 20:25:43 UTC] PHP Stack trace:
[24-Sep-2018 20:25:43 UTC] PHP   1. {main}() /home/ubuntu/workspace/work/practice/p3/reviews.php:0
[24-Sep-2018 20:25:43 UTC] PHP   2. movieReviews() /home/ubuntu/workspace/work/practice/p3/reviews.php:98
[24-Sep-2018 20:25:43 UTC] PHP   3. array_push() /home/ubuntu/workspace/work/practice/p3/reviews.php:28
[24-Sep-2018 20:25:43 UTC] PHP Warning:  array_push() expects parameter 1 to be array, null given in /home/ubuntu/workspace/work/practice/p3/reviews.php on line 28
[24-Sep-2018 20:25:43 UTC] PHP Stack trace:
[24-Sep-2018 20:25:43 UTC] PHP   1. {main}() /home/ubuntu/workspace/work/practice/p3/reviews.php:0
[24-Sep-2018 20:25:43 UTC] PHP   2. movieReviews() /home/ubuntu/workspace/work/practice/p3/reviews.php:98
[24-Sep-2018 20:25:43 UTC] PHP   3. array_push() /home/ubuntu/workspace/work/practice/p3/reviews.php:28
[24-Sep-2018 20:25:45 UTC] PHP Warning:  array_push() expects parameter 1 to be array, null given in /home/ubuntu/workspace/work/practice/p3/reviews.php on line 28
[24-Sep-2018 20:25:45 UTC] PHP Stack trace:
[24-Sep-2018 20:25:45 UTC] PHP   1. {main}() /home/ubuntu/workspace/work/practice/p3/reviews.php:0
[24-Sep-2018 20:25:45 UTC] PHP   2. movieReviews() /home/ubuntu/workspace/work/practice/p3/reviews.php:98
[24-Sep-2018 20:25:45 UTC] PHP   3. array_push() /home/ubuntu/workspace/work/practice/p3/reviews.php:28
[24-Sep-2018 20:25:45 UTC] PHP Warning:  array_push() expects parameter 1 to be array, null given in /home/ubuntu/workspace/work/practice/p3/reviews.php on line 28
[24-Sep-2018 20:25:45 UTC] PHP Stack trace:
[24-Sep-2018 20:25:45 UTC] PHP   1. {main}() /home/ubuntu/workspace/work/practice/p3/reviews.php:0
[24-Sep-2018 20:25:45 UTC] PHP   2. movieReviews() /home/ubuntu/workspace/work/practice/p3/reviews.php:98
[24-Sep-2018 20:25:45 UTC] PHP   3. array_push() /home/ubuntu/workspace/work/practice/p3/reviews.php:28
[24-Sep-2018 20:25:45 UTC] PHP Warning:  array_push() expects parameter 1 to be array, null given in /home/ubuntu/workspace/work/practice/p3/reviews.php on line 28
[24-Sep-2018 20:25:45 UTC] PHP Stack trace:
[24-Sep-2018 20:25:45 UTC] PHP   1. {main}() /home/ubuntu/workspace/work/practice/p3/reviews.php:0
[24-Sep-2018 20:25:45 UTC] PHP   2. movieReviews() /home/ubuntu/workspace/work/practice/p3/reviews.php:98
[24-Sep-2018 20:25:45 UTC] PHP   3. array_push() /home/ubuntu/workspace/work/practice/p3/reviews.php:28
[24-Sep-2018 20:25:45 UTC] PHP Warning:  array_push() expects parameter 1 to be array, null given in /home/ubuntu/workspace/work/practice/p3/reviews.php on line 28
[24-Sep-2018 20:25:45 UTC] PHP Stack trace:
[24-Sep-2018 20:25:45 UTC] PHP   1. {main}() /home/ubuntu/workspace/work/practice/p3/reviews.php:0
[24-Sep-2018 20:25:45 UTC] PHP   2. movieReviews() /home/ubuntu/workspace/work/practice/p3/reviews.php:98
[24-Sep-2018 20:25:45 UTC] PHP   3. array_push() /home/ubuntu/workspace/work/practice/p3/reviews.php:28
[24-Sep-2018 20:25:46 UTC] PHP Warning:  array_push() expects parameter 1 to be array, null given in /home/ubuntu/workspace/work/practice/p3/reviews.php on line 28
[24-Sep-2018 20:25:46 UTC] PHP Stack trace:
[24-Sep-2018 20:25:46 UTC] PHP   1. {main}() /home/ubuntu/workspace/work/practice/p3/reviews.php:0
[24-Sep-2018 20:25:46 UTC] PHP   2. movieReviews() /home/ubuntu/workspace/work/practice/p3/reviews.php:98
[24-Sep-2018 20:25:46 UTC] PHP   3. array_push() /home/ubuntu/workspace/work/practice/p3/reviews.php:28
[24-Sep-2018 20:25:46 UTC] PHP Warning:  array_push() expects parameter 1 to be array, null given in /home/ubuntu/workspace/work/practice/p3/reviews.php on line 28
[24-Sep-2018 20:25:46 UTC] PHP Stack trace:
[24-Sep-2018 20:25:46 UTC] PHP   1. {main}() /home/ubuntu/workspace/work/practice/p3/reviews.php:0
[24-Sep-2018 20:25:46 UTC] PHP   2. movieReviews() /home/ubuntu/workspace/work/practice/p3/reviews.php:98
[24-Sep-2018 20:25:46 UTC] PHP   3. array_push() /home/ubuntu/workspace/work/practice/p3/reviews.php:28
[24-Sep-2018 20:25:46 UTC] PHP Warning:  array_push() expects parameter 1 to be array, null given in /home/ubuntu/workspace/work/practice/p3/reviews.php on line 28
[24-Sep-2018 20:25:46 UTC] PHP Stack trace:
[24-Sep-2018 20:25:46 UTC] PHP   1. {main}() /home/ubuntu/workspace/work/practice/p3/reviews.php:0
[24-Sep-2018 20:25:46 UTC] PHP   2. movieReviews() /home/ubuntu/workspace/work/practice/p3/reviews.php:98
[24-Sep-2018 20:25:46 UTC] PHP   3. array_push() /home/ubuntu/workspace/work/practice/p3/reviews.php:28
[24-Sep-2018 20:25:46 UTC] PHP Warning:  array_push() expects parameter 1 to be array, null given in /home/ubuntu/workspace/work/practice/p3/reviews.php on line 28
[24-Sep-2018 20:25:46 UTC] PHP Stack trace:
[24-Sep-2018 20:25:46 UTC] PHP   1. {main}() /home/ubuntu/workspace/work/practice/p3/reviews.php:0
[24-Sep-2018 20:25:46 UTC] PHP   2. movieReviews() /home/ubuntu/workspace/work/practice/p3/reviews.php:98
[24-Sep-2018 20:25:46 UTC] PHP   3. array_push() /home/ubuntu/workspace/work/practice/p3/reviews.php:28
[24-Sep-2018 20:25:47 UTC] PHP Warning:  array_push() expects parameter 1 to be array, null given in /home/ubuntu/workspace/work/practice/p3/reviews.php on line 28
[24-Sep-2018 20:25:47 UTC] PHP Stack trace:
[24-Sep-2018 20:25:47 UTC] PHP   1. {main}() /home/ubuntu/workspace/work/practice/p3/reviews.php:0
[24-Sep-2018 20:25:47 UTC] PHP   2. movieReviews() /home/ubuntu/workspace/work/practice/p3/reviews.php:98
[24-Sep-2018 20:25:47 UTC] PHP   3. array_push() /home/ubuntu/workspace/work/practice/p3/reviews.php:28
[24-Sep-2018 20:25:47 UTC] PHP Warning:  array_push() expects parameter 1 to be array, null given in /home/ubuntu/workspace/work/practice/p3/reviews.php on line 28
[24-Sep-2018 20:25:47 UTC] PHP Stack trace:
[24-Sep-2018 20:25:47 UTC] PHP   1. {main}() /home/ubuntu/workspace/work/practice/p3/reviews.php:0
[24-Sep-2018 20:25:47 UTC] PHP   2. movieReviews() /home/ubuntu/workspace/work/practice/p3/reviews.php:98
[24-Sep-2018 20:25:47 UTC] PHP   3. array_push() /home/ubuntu/workspace/work/practice/p3/reviews.php:28
[24-Sep-2018 20:25:47 UTC] PHP Warning:  array_push() expects parameter 1 to be array, null given in /home/ubuntu/workspace/work/practice/p3/reviews.php on line 28
[24-Sep-2018 20:25:47 UTC] PHP Stack trace:
[24-Sep-2018 20:25:47 UTC] PHP   1. {main}() /home/ubuntu/workspace/work/practice/p3/reviews.php:0
[24-Sep-2018 20:25:47 UTC] PHP   2. movieReviews() /home/ubuntu/workspace/work/practice/p3/reviews.php:98
[24-Sep-2018 20:25:47 UTC] PHP   3. array_push() /home/ubuntu/workspace/work/practice/p3/reviews.php:28
[24-Sep-2018 20:25:47 UTC] PHP Warning:  array_push() expects parameter 1 to be array, null given in /home/ubuntu/workspace/work/practice/p3/reviews.php on line 28
[24-Sep-2018 20:25:47 UTC] PHP Stack trace:
[24-Sep-2018 20:25:47 UTC] PHP   1. {main}() /home/ubuntu/workspace/work/practice/p3/reviews.php:0
[24-Sep-2018 20:25:47 UTC] PHP   2. movieReviews() /home/ubuntu/workspace/work/practice/p3/reviews.php:98
[24-Sep-2018 20:25:47 UTC] PHP   3. array_push() /home/ubuntu/workspace/work/practice/p3/reviews.php:28
[24-Sep-2018 20:25:47 UTC] PHP Warning:  array_push() expects parameter 1 to be array, null given in /home/ubuntu/workspace/work/practice/p3/reviews.php on line 28
[24-Sep-2018 20:25:47 UTC] PHP Stack trace:
[24-Sep-2018 20:25:47 UTC] PHP   1. {main}() /home/ubuntu/workspace/work/practice/p3/reviews.php:0
[24-Sep-2018 20:25:47 UTC] PHP   2. movieReviews() /home/ubuntu/workspace/work/practice/p3/reviews.php:98
[24-Sep-2018 20:25:47 UTC] PHP   3. array_push() /home/ubuntu/workspace/work/practice/p3/reviews.php:28
[24-Sep-2018 20:25:47 UTC] PHP Warning:  array_push() expects parameter 1 to be array, null given in /home/ubuntu/workspace/work/practice/p3/reviews.php on line 28
[24-Sep-2018 20:25:47 UTC] PHP Stack trace:
[24-Sep-2018 20:25:47 UTC] PHP   1. {main}() /home/ubuntu/workspace/work/practice/p3/reviews.php:0
[24-Sep-2018 20:25:47 UTC] PHP   2. movieReviews() /home/ubuntu/workspace/work/practice/p3/reviews.php:98
[24-Sep-2018 20:25:47 UTC] PHP   3. array_push() /home/ubuntu/workspace/work/practice/p3/reviews.php:28
[24-Sep-2018 20:25:47 UTC] PHP Warning:  array_push() expects parameter 1 to be array, null given in /home/ubuntu/workspace/work/practice/p3/reviews.php on line 28
[24-Sep-2018 20:25:47 UTC] PHP Stack trace:
[24-Sep-2018 20:25:47 UTC] PHP   1. {main}() /home/ubuntu/workspace/work/practice/p3/reviews.php:0
[24-Sep-2018 20:25:47 UTC] PHP   2. movieReviews() /home/ubuntu/workspace/work/practice/p3/reviews.php:98
[24-Sep-2018 20:25:47 UTC] PHP   3. array_push() /home/ubuntu/workspace/work/practice/p3/reviews.php:28
[24-Sep-2018 20:25:47 UTC] PHP Warning:  array_push() expects parameter 1 to be array, null given in /home/ubuntu/workspace/work/practice/p3/reviews.php on line 28
[24-Sep-2018 20:25:47 UTC] PHP Stack trace:
[24-Sep-2018 20:25:47 UTC] PHP   1. {main}() /home/ubuntu/workspace/work/practice/p3/reviews.php:0
[24-Sep-2018 20:25:47 UTC] PHP   2. movieReviews() /home/ubuntu/workspace/work/practice/p3/reviews.php:98
[24-Sep-2018 20:25:47 UTC] PHP   3. array_push() /home/ubuntu/workspace/work/practice/p3/reviews.php:28
[24-Sep-2018 20:25:48 UTC] PHP Warning:  array_push() expects parameter 1 to be array, null given in /home/ubuntu/workspace/work/practice/p3/reviews.php on line 28
[24-Sep-2018 20:25:48 UTC] PHP Stack trace:
[24-Sep-2018 20:25:48 UTC] PHP   1. {main}() /home/ubuntu/workspace/work/practice/p3/reviews.php:0
[24-Sep-2018 20:25:48 UTC] PHP   2. movieReviews() /home/ubuntu/workspace/work/practice/p3/reviews.php:98
[24-Sep-2018 20:25:48 UTC] PHP   3. array_push() /home/ubuntu/workspace/work/practice/p3/reviews.php:28
[24-Sep-2018 20:25:48 UTC] PHP Warning:  array_push() expects parameter 1 to be array, null given in /home/ubuntu/workspace/work/practice/p3/reviews.php on line 28
[24-Sep-2018 20:25:48 UTC] PHP Stack trace:
[24-Sep-2018 20:25:48 UTC] PHP   1. {main}() /home/ubuntu/workspace/work/practice/p3/reviews.php:0
[24-Sep-2018 20:25:48 UTC] PHP   2. movieReviews() /home/ubuntu/workspace/work/practice/p3/reviews.php:98
[24-Sep-2018 20:25:48 UTC] PHP   3. array_push() /home/ubuntu/workspace/work/practice/p3/reviews.php:28
[24-Sep-2018 20:25:48 UTC] PHP Warning:  array_push() expects parameter 1 to be array, null given in /home/ubuntu/workspace/work/practice/p3/reviews.php on line 28
[24-Sep-2018 20:25:48 UTC] PHP Stack trace:
[24-Sep-2018 20:25:48 UTC] PHP   1. {main}() /home/ubuntu/workspace/work/practice/p3/reviews.php:0
[24-Sep-2018 20:25:48 UTC] PHP   2. movieReviews() /home/ubuntu/workspace/work/practice/p3/reviews.php:98
[24-Sep-2018 20:25:48 UTC] PHP   3. array_push() /home/ubuntu/workspace/work/practice/p3/reviews.php:28
[24-Sep-2018 20:25:48 UTC] PHP Warning:  array_push() expects parameter 1 to be array, null given in /home/ubuntu/workspace/work/practice/p3/reviews.php on line 28
[24-Sep-2018 20:25:48 UTC] PHP Stack trace:
[24-Sep-2018 20:25:48 UTC] PHP   1. {main}() /home/ubuntu/workspace/work/practice/p3/reviews.php:0
[24-Sep-2018 20:25:48 UTC] PHP   2. movieReviews() /home/ubuntu/workspace/work/practice/p3/reviews.php:98
[24-Sep-2018 20:25:48 UTC] PHP   3. array_push() /home/ubuntu/workspace/work/practice/p3/reviews.php:28
[24-Sep-2018 20:25:48 UTC] PHP Warning:  array_push() expects parameter 1 to be array, null given in /home/ubuntu/workspace/work/practice/p3/reviews.php on line 28
[24-Sep-2018 20:25:48 UTC] PHP Stack trace:
[24-Sep-2018 20:25:48 UTC] PHP   1. {main}() /home/ubuntu/workspace/work/practice/p3/reviews.php:0
[24-Sep-2018 20:25:48 UTC] PHP   2. movieReviews() /home/ubuntu/workspace/work/practice/p3/reviews.php:98
[24-Sep-2018 20:25:48 UTC] PHP   3. array_push() /home/ubuntu/workspace/work/practice/p3/reviews.php:28
[24-Sep-2018 20:25:48 UTC] PHP Warning:  array_push() expects parameter 1 to be array, null given in /home/ubuntu/workspace/work/practice/p3/reviews.php on line 28
[24-Sep-2018 20:25:48 UTC] PHP Stack trace:
[24-Sep-2018 20:25:48 UTC] PHP   1. {main}() /home/ubuntu/workspace/work/practice/p3/reviews.php:0
[24-Sep-2018 20:25:48 UTC] PHP   2. movieReviews() /home/ubuntu/workspace/work/practice/p3/reviews.php:98
[24-Sep-2018 20:25:48 UTC] PHP   3. array_push() /home/ubuntu/workspace/work/practice/p3/reviews.php:28
[24-Sep-2018 20:25:48 UTC] PHP Warning:  array_push() expects parameter 1 to be array, null given in /home/ubuntu/workspace/work/practice/p3/reviews.php on line 28
[24-Sep-2018 20:25:48 UTC] PHP Stack trace:
[24-Sep-2018 20:25:48 UTC] PHP   1. {main}() /home/ubuntu/workspace/work/practice/p3/reviews.php:0
[24-Sep-2018 20:25:48 UTC] PHP   2. movieReviews() /home/ubuntu/workspace/work/practice/p3/reviews.php:98
[24-Sep-2018 20:25:48 UTC] PHP   3. array_push() /home/ubuntu/workspace/work/practice/p3/reviews.php:28
[24-Sep-2018 20:25:48 UTC] PHP Warning:  array_push() expects parameter 1 to be array, null given in /home/ubuntu/workspace/work/practice/p3/reviews.php on line 28
[24-Sep-2018 20:25:48 UTC] PHP Stack trace:
[24-Sep-2018 20:25:48 UTC] PHP   1. {main}() /home/ubuntu/workspace/work/practice/p3/reviews.php:0
[24-Sep-2018 20:25:48 UTC] PHP   2. movieReviews() /home/ubuntu/workspace/work/practice/p3/reviews.php:98
[24-Sep-2018 20:25:48 UTC] PHP   3. array_push() /home/ubuntu/workspace/work/practice/p3/reviews.php:28
[24-Sep-2018 20:25:49 UTC] PHP Warning:  array_push() expects parameter 1 to be array, null given in /home/ubuntu/workspace/work/practice/p3/reviews.php on line 28
[24-Sep-2018 20:25:49 UTC] PHP Stack trace:
[24-Sep-2018 20:25:49 UTC] PHP   1. {main}() /home/ubuntu/workspace/work/practice/p3/reviews.php:0
[24-Sep-2018 20:25:49 UTC] PHP   2. movieReviews() /home/ubuntu/workspace/work/practice/p3/reviews.php:98
[24-Sep-2018 20:25:49 UTC] PHP   3. array_push() /home/ubuntu/workspace/work/practice/p3/reviews.php:28
[24-Sep-2018 20:25:49 UTC] PHP Warning:  array_push() expects parameter 1 to be array, null given in /home/ubuntu/workspace/work/practice/p3/reviews.php on line 28
[24-Sep-2018 20:25:49 UTC] PHP Stack trace:
[24-Sep-2018 20:25:49 UTC] PHP   1. {main}() /home/ubuntu/workspace/work/practice/p3/reviews.php:0
[24-Sep-2018 20:25:49 UTC] PHP   2. movieReviews() /home/ubuntu/workspace/work/practice/p3/reviews.php:98
[24-Sep-2018 20:25:49 UTC] PHP   3. array_push() /home/ubuntu/workspace/work/practice/p3/reviews.php:28
[24-Sep-2018 20:25:49 UTC] PHP Warning:  array_push() expects parameter 1 to be array, null given in /home/ubuntu/workspace/work/practice/p3/reviews.php on line 28
[24-Sep-2018 20:25:49 UTC] PHP Stack trace:
[24-Sep-2018 20:25:49 UTC] PHP   1. {main}() /home/ubuntu/workspace/work/practice/p3/reviews.php:0
[24-Sep-2018 20:25:49 UTC] PHP   2. movieReviews() /home/ubuntu/workspace/work/practice/p3/reviews.php:98
[24-Sep-2018 20:25:49 UTC] PHP   3. array_push() /home/ubuntu/workspace/work/practice/p3/reviews.php:28
[24-Sep-2018 20:25:49 UTC] PHP Warning:  array_push() expects parameter 1 to be array, null given in /home/ubuntu/workspace/work/practice/p3/reviews.php on line 28
[24-Sep-2018 20:25:49 UTC] PHP Stack trace:
[24-Sep-2018 20:25:49 UTC] PHP   1. {main}() /home/ubuntu/workspace/work/practice/p3/reviews.php:0
[24-Sep-2018 20:25:49 UTC] PHP   2. movieReviews() /home/ubuntu/workspace/work/practice/p3/reviews.php:98
[24-Sep-2018 20:25:49 UTC] PHP   3. array_push() /home/ubuntu/workspace/work/practice/p3/reviews.php:28
[24-Sep-2018 20:25:49 UTC] PHP Warning:  array_push() expects parameter 1 to be array, null given in /home/ubuntu/workspace/work/practice/p3/reviews.php on line 28
[24-Sep-2018 20:25:49 UTC] PHP Stack trace:
[24-Sep-2018 20:25:49 UTC] PHP   1. {main}() /home/ubuntu/workspace/work/practice/p3/reviews.php:0
[24-Sep-2018 20:25:49 UTC] PHP   2. movieReviews() /home/ubuntu/workspace/work/practice/p3/reviews.php:98
[24-Sep-2018 20:25:49 UTC] PHP   3. array_push() /home/ubuntu/workspace/work/practice/p3/reviews.php:28
[24-Sep-2018 20:25:49 UTC] PHP Warning:  array_push() expects parameter 1 to be array, null given in /home/ubuntu/workspace/work/practice/p3/reviews.php on line 28
[24-Sep-2018 20:25:49 UTC] PHP Stack trace:
[24-Sep-2018 20:25:49 UTC] PHP   1. {main}() /home/ubuntu/workspace/work/practice/p3/reviews.php:0
[24-Sep-2018 20:25:49 UTC] PHP   2. movieReviews() /home/ubuntu/workspace/work/practice/p3/reviews.php:98
[24-Sep-2018 20:25:49 UTC] PHP   3. array_push() /home/ubuntu/workspace/work/practice/p3/reviews.php:28
[24-Sep-2018 20:25:49 UTC] PHP Warning:  array_push() expects parameter 1 to be array, null given in /home/ubuntu/workspace/work/practice/p3/reviews.php on line 28
[24-Sep-2018 20:25:49 UTC] PHP Stack trace:
[24-Sep-2018 20:25:49 UTC] PHP   1. {main}() /home/ubuntu/workspace/work/practice/p3/reviews.php:0
[24-Sep-2018 20:25:49 UTC] PHP   2. movieReviews() /home/ubuntu/workspace/work/practice/p3/reviews.php:98
[24-Sep-2018 20:25:49 UTC] PHP   3. array_push() /home/ubuntu/workspace/work/practice/p3/reviews.php:28
[24-Sep-2018 20:25:49 UTC] PHP Warning:  array_push() expects parameter 1 to be array, null given in /home/ubuntu/workspace/work/practice/p3/reviews.php on line 28
[24-Sep-2018 20:25:49 UTC] PHP Stack trace:
[24-Sep-2018 20:25:49 UTC] PHP   1. {main}() /home/ubuntu/workspace/work/practice/p3/reviews.php:0
[24-Sep-2018 20:25:49 UTC] PHP   2. movieReviews() /home/ubuntu/workspace/work/practice/p3/reviews.php:98
[24-Sep-2018 20:25:49 UTC] PHP   3. array_push() /home/ubuntu/workspace/work/practice/p3/reviews.php:28
[24-Sep-2018 20:25:50 UTC] PHP Warning:  array_push() expects parameter 1 to be array, null given in /home/ubuntu/workspace/work/practice/p3/reviews.php on line 28
[24-Sep-2018 20:25:50 UTC] PHP Stack trace:
[24-Sep-2018 20:25:50 UTC] PHP   1. {main}() /home/ubuntu/workspace/work/practice/p3/reviews.php:0
[24-Sep-2018 20:25:50 UTC] PHP   2. movieReviews() /home/ubuntu/workspace/work/practice/p3/reviews.php:98
[24-Sep-2018 20:25:50 UTC] PHP   3. array_push() /home/ubuntu/workspace/work/practice/p3/reviews.php:28
[24-Sep-2018 20:25:50 UTC] PHP Warning:  array_push() expects parameter 1 to be array, null given in /home/ubuntu/workspace/work/practice/p3/reviews.php on line 28
[24-Sep-2018 20:25:50 UTC] PHP Stack trace:
[24-Sep-2018 20:25:50 UTC] PHP   1. {main}() /home/ubuntu/workspace/work/practice/p3/reviews.php:0
[24-Sep-2018 20:25:50 UTC] PHP   2. movieReviews() /home/ubuntu/workspace/work/practice/p3/reviews.php:98
[24-Sep-2018 20:25:50 UTC] PHP   3. array_push() /home/ubuntu/workspace/work/practice/p3/reviews.php:28
[24-Sep-2018 20:25:50 UTC] PHP Warning:  array_push() expects parameter 1 to be array, null given in /home/ubuntu/workspace/work/practice/p3/reviews.php on line 28
[24-Sep-2018 20:25:50 UTC] PHP Stack trace:
[24-Sep-2018 20:25:50 UTC] PHP   1. {main}() /home/ubuntu/workspace/work/practice/p3/reviews.php:0
[24-Sep-2018 20:25:50 UTC] PHP   2. movieReviews() /home/ubuntu/workspace/work/practice/p3/reviews.php:98
[24-Sep-2018 20:25:50 UTC] PHP   3. array_push() /home/ubuntu/workspace/work/practice/p3/reviews.php:28
[24-Sep-2018 20:25:50 UTC] PHP Warning:  array_push() expects parameter 1 to be array, null given in /home/ubuntu/workspace/work/practice/p3/reviews.php on line 28
[24-Sep-2018 20:25:50 UTC] PHP Stack trace:
[24-Sep-2018 20:25:50 UTC] PHP   1. {main}() /home/ubuntu/workspace/work/practice/p3/reviews.php:0
[24-Sep-2018 20:25:50 UTC] PHP   2. movieReviews() /home/ubuntu/workspace/work/practice/p3/reviews.php:98
[24-Sep-2018 20:25:50 UTC] PHP   3. array_push() /home/ubuntu/workspace/work/practice/p3/reviews.php:28
[24-Sep-2018 20:25:50 UTC] PHP Warning:  array_push() expects parameter 1 to be array, null given in /home/ubuntu/workspace/work/practice/p3/reviews.php on line 28
[24-Sep-2018 20:25:50 UTC] PHP Stack trace:
[24-Sep-2018 20:25:50 UTC] PHP   1. {main}() /home/ubuntu/workspace/work/practice/p3/reviews.php:0
[24-Sep-2018 20:25:50 UTC] PHP   2. movieReviews() /home/ubuntu/workspace/work/practice/p3/reviews.php:98
[24-Sep-2018 20:25:50 UTC] PHP   3. array_push() /home/ubuntu/workspace/work/practice/p3/reviews.php:28
[24-Sep-2018 20:25:50 UTC] PHP Warning:  array_push() expects parameter 1 to be array, null given in /home/ubuntu/workspace/work/practice/p3/reviews.php on line 28
[24-Sep-2018 20:25:50 UTC] PHP Stack trace:
[24-Sep-2018 20:25:50 UTC] PHP   1. {main}() /home/ubuntu/workspace/work/practice/p3/reviews.php:0
[24-Sep-2018 20:25:50 UTC] PHP   2. movieReviews() /home/ubuntu/workspace/work/practice/p3/reviews.php:98
[24-Sep-2018 20:25:50 UTC] PHP   3. array_push() /home/ubuntu/workspace/work/practice/p3/reviews.php:28
[24-Sep-2018 20:25:50 UTC] PHP Warning:  array_push() expects parameter 1 to be array, null given in /home/ubuntu/workspace/work/practice/p3/reviews.php on line 28
[24-Sep-2018 20:25:50 UTC] PHP Stack trace:
[24-Sep-2018 20:25:50 UTC] PHP   1. {main}() /home/ubuntu/workspace/work/practice/p3/reviews.php:0
[24-Sep-2018 20:25:50 UTC] PHP   2. movieReviews() /home/ubuntu/workspace/work/practice/p3/reviews.php:98
[24-Sep-2018 20:25:50 UTC] PHP   3. array_push() /home/ubuntu/workspace/work/practice/p3/reviews.php:28
[24-Sep-2018 20:25:50 UTC] PHP Warning:  array_push() expects parameter 1 to be array, null given in /home/ubuntu/workspace/work/practice/p3/reviews.php on line 28
[24-Sep-2018 20:25:50 UTC] PHP Stack trace:
[24-Sep-2018 20:25:50 UTC] PHP   1. {main}() /home/ubuntu/workspace/work/practice/p3/reviews.php:0
[24-Sep-2018 20:25:50 UTC] PHP   2. movieReviews() /home/ubuntu/workspace/work/practice/p3/reviews.php:98
[24-Sep-2018 20:25:50 UTC] PHP   3. array_push() /home/ubuntu/workspace/work/practice/p3/reviews.php:28
[24-Sep-2018 20:25:50 UTC] PHP Warning:  array_push() expects parameter 1 to be array, null given in /home/ubuntu/workspace/work/practice/p3/reviews.php on line 28
[24-Sep-2018 20:25:50 UTC] PHP Stack trace:
[24-Sep-2018 20:25:50 UTC] PHP   1. {main}() /home/ubuntu/workspace/work/practice/p3/reviews.php:0
[24-Sep-2018 20:25:50 UTC] PHP   2. movieReviews() /home/ubuntu/workspace/work/practice/p3/reviews.php:98
[24-Sep-2018 20:25:50 UTC] PHP   3. array_push() /home/ubuntu/workspace/work/practice/p3/reviews.php:28
[24-Sep-2018 20:25:50 UTC] PHP Warning:  array_push() expects parameter 1 to be array, null given in /home/ubuntu/workspace/work/practice/p3/reviews.php on line 28
[24-Sep-2018 20:25:50 UTC] PHP Stack trace:
[24-Sep-2018 20:25:50 UTC] PHP   1. {main}() /home/ubuntu/workspace/work/practice/p3/reviews.php:0
[24-Sep-2018 20:25:50 UTC] PHP   2. movieReviews() /home/ubuntu/workspace/work/practice/p3/reviews.php:98
[24-Sep-2018 20:25:50 UTC] PHP   3. array_push() /home/ubuntu/workspace/work/practice/p3/reviews.php:28
[24-Sep-2018 20:25:50 UTC] PHP Warning:  array_push() expects parameter 1 to be array, null given in /home/ubuntu/workspace/work/practice/p3/reviews.php on line 28
[24-Sep-2018 20:25:50 UTC] PHP Stack trace:
[24-Sep-2018 20:25:50 UTC] PHP   1. {main}() /home/ubuntu/workspace/work/practice/p3/reviews.php:0
[24-Sep-2018 20:25:50 UTC] PHP   2. movieReviews() /home/ubuntu/workspace/work/practice/p3/reviews.php:98
[24-Sep-2018 20:25:50 UTC] PHP   3. array_push() /home/ubuntu/workspace/work/practice/p3/reviews.php:28
[24-Sep-2018 20:25:50 UTC] PHP Warning:  array_push() expects parameter 1 to be array, null given in /home/ubuntu/workspace/work/practice/p3/reviews.php on line 28
[24-Sep-2018 20:25:50 UTC] PHP Stack trace:
[24-Sep-2018 20:25:50 UTC] PHP   1. {main}() /home/ubuntu/workspace/work/practice/p3/reviews.php:0
[24-Sep-2018 20:25:50 UTC] PHP   2. movieReviews() /home/ubuntu/workspace/work/practice/p3/reviews.php:98
[24-Sep-2018 20:25:50 UTC] PHP   3. array_push() /home/ubuntu/workspace/work/practice/p3/reviews.php:28
[24-Sep-2018 20:25:51 UTC] PHP Warning:  array_push() expects parameter 1 to be array, null given in /home/ubuntu/workspace/work/practice/p3/reviews.php on line 28
[24-Sep-2018 20:25:51 UTC] PHP Stack trace:
[24-Sep-2018 20:25:51 UTC] PHP   1. {main}() /home/ubuntu/workspace/work/practice/p3/reviews.php:0
[24-Sep-2018 20:25:51 UTC] PHP   2. movieReviews() /home/ubuntu/workspace/work/practice/p3/reviews.php:98
[24-Sep-2018 20:25:51 UTC] PHP   3. array_push() /home/ubuntu/workspace/work/practice/p3/reviews.php:28
[24-Sep-2018 20:25:51 UTC] PHP Warning:  array_push() expects parameter 1 to be array, null given in /home/ubuntu/workspace/work/practice/p3/reviews.php on line 28
[24-Sep-2018 20:25:51 UTC] PHP Stack trace:
[24-Sep-2018 20:25:51 UTC] PHP   1. {main}() /home/ubuntu/workspace/work/practice/p3/reviews.php:0
[24-Sep-2018 20:25:51 UTC] PHP   2. movieReviews() /home/ubuntu/workspace/work/practice/p3/reviews.php:98
[24-Sep-2018 20:25:51 UTC] PHP   3. array_push() /home/ubuntu/workspace/work/practice/p3/reviews.php:28
[24-Sep-2018 20:25:51 UTC] PHP Warning:  array_push() expects parameter 1 to be array, null given in /home/ubuntu/workspace/work/practice/p3/reviews.php on line 28
[24-Sep-2018 20:25:51 UTC] PHP Stack trace:
[24-Sep-2018 20:25:51 UTC] PHP   1. {main}() /home/ubuntu/workspace/work/practice/p3/reviews.php:0
[24-Sep-2018 20:25:51 UTC] PHP   2. movieReviews() /home/ubuntu/workspace/work/practice/p3/reviews.php:98
[24-Sep-2018 20:25:51 UTC] PHP   3. array_push() /home/ubuntu/workspace/work/practice/p3/reviews.php:28
[24-Sep-2018 20:25:51 UTC] PHP Warning:  array_push() expects parameter 1 to be array, null given in /home/ubuntu/workspace/work/practice/p3/reviews.php on line 28
[24-Sep-2018 20:25:51 UTC] PHP Stack trace:
[24-Sep-2018 20:25:51 UTC] PHP   1. {main}() /home/ubuntu/workspace/work/practice/p3/reviews.php:0
[24-Sep-2018 20:25:51 UTC] PHP   2. movieReviews() /home/ubuntu/workspace/work/practice/p3/reviews.php:98
[24-Sep-2018 20:25:51 UTC] PHP   3. array_push() /home/ubuntu/workspace/work/practice/p3/reviews.php:28
[24-Sep-2018 20:25:51 UTC] PHP Warning:  array_push() expects parameter 1 to be array, null given in /home/ubuntu/workspace/work/practice/p3/reviews.php on line 28
[24-Sep-2018 20:25:51 UTC] PHP Stack trace:
[24-Sep-2018 20:25:51 UTC] PHP   1. {main}() /home/ubuntu/workspace/work/practice/p3/reviews.php:0
[24-Sep-2018 20:25:51 UTC] PHP   2. movieReviews() /home/ubuntu/workspace/work/practice/p3/reviews.php:98
[24-Sep-2018 20:25:51 UTC] PHP   3. array_push() /home/ubuntu/workspace/work/practice/p3/reviews.php:28
[24-Sep-2018 20:25:51 UTC] PHP Warning:  array_push() expects parameter 1 to be array, null given in /home/ubuntu/workspace/work/practice/p3/reviews.php on line 28
[24-Sep-2018 20:25:51 UTC] PHP Stack trace:
[24-Sep-2018 20:25:51 UTC] PHP   1. {main}() /home/ubuntu/workspace/work/practice/p3/reviews.php:0
[24-Sep-2018 20:25:51 UTC] PHP   2. movieReviews() /home/ubuntu/workspace/work/practice/p3/reviews.php:98
[24-Sep-2018 20:25:51 UTC] PHP   3. array_push() /home/ubuntu/workspace/work/practice/p3/reviews.php:28
[24-Sep-2018 20:25:51 UTC] PHP Warning:  array_push() expects parameter 1 to be array, null given in /home/ubuntu/workspace/work/practice/p3/reviews.php on line 28
[24-Sep-2018 20:25:51 UTC] PHP Stack trace:
[24-Sep-2018 20:25:51 UTC] PHP   1. {main}() /home/ubuntu/workspace/work/practice/p3/reviews.php:0
[24-Sep-2018 20:25:51 UTC] PHP   2. movieReviews() /home/ubuntu/workspace/work/practice/p3/reviews.php:98
[24-Sep-2018 20:25:51 UTC] PHP   3. array_push() /home/ubuntu/workspace/work/practice/p3/reviews.php:28
[24-Sep-2018 20:25:51 UTC] PHP Warning:  array_push() expects parameter 1 to be array, null given in /home/ubuntu/workspace/work/practice/p3/reviews.php on line 28
[24-Sep-2018 20:25:51 UTC] PHP Stack trace:
[24-Sep-2018 20:25:51 UTC] PHP   1. {main}() /home/ubuntu/workspace/work/practice/p3/reviews.php:0
[24-Sep-2018 20:25:51 UTC] PHP   2. movieReviews() /home/ubuntu/workspace/work/practice/p3/reviews.php:98
[24-Sep-2018 20:25:51 UTC] PHP   3. array_push() /home/ubuntu/workspace/work/practice/p3/reviews.php:28
[24-Sep-2018 20:25:52 UTC] PHP Warning:  array_push() expects parameter 1 to be array, null given in /home/ubuntu/workspace/work/practice/p3/reviews.php on line 28
[24-Sep-2018 20:25:52 UTC] PHP Stack trace:
[24-Sep-2018 20:25:52 UTC] PHP   1. {main}() /home/ubuntu/workspace/work/practice/p3/reviews.php:0
[24-Sep-2018 20:25:52 UTC] PHP   2. movieReviews() /home/ubuntu/workspace/work/practice/p3/reviews.php:98
[24-Sep-2018 20:25:52 UTC] PHP   3. array_push() /home/ubuntu/workspace/work/practice/p3/reviews.php:28
[24-Sep-2018 20:25:52 UTC] PHP Warning:  array_push() expects parameter 1 to be array, null given in /home/ubuntu/workspace/work/practice/p3/reviews.php on line 28
[24-Sep-2018 20:25:52 UTC] PHP Stack trace:
[24-Sep-2018 20:25:52 UTC] PHP   1. {main}() /home/ubuntu/workspace/work/practice/p3/reviews.php:0
[24-Sep-2018 20:25:52 UTC] PHP   2. movieReviews() /home/ubuntu/workspace/work/practice/p3/reviews.php:98
[24-Sep-2018 20:25:52 UTC] PHP   3. array_push() /home/ubuntu/workspace/work/practice/p3/reviews.php:28
[24-Sep-2018 20:25:52 UTC] PHP Warning:  array_push() expects parameter 1 to be array, null given in /home/ubuntu/workspace/work/practice/p3/reviews.php on line 28
[24-Sep-2018 20:25:52 UTC] PHP Stack trace:
[24-Sep-2018 20:25:52 UTC] PHP   1. {main}() /home/ubuntu/workspace/work/practice/p3/reviews.php:0
[24-Sep-2018 20:25:52 UTC] PHP   2. movieReviews() /home/ubuntu/workspace/work/practice/p3/reviews.php:98
[24-Sep-2018 20:25:52 UTC] PHP   3. array_push() /home/ubuntu/workspace/work/practice/p3/reviews.php:28
[24-Sep-2018 20:25:52 UTC] PHP Warning:  array_push() expects parameter 1 to be array, null given in /home/ubuntu/workspace/work/practice/p3/reviews.php on line 28
[24-Sep-2018 20:25:52 UTC] PHP Stack trace:
[24-Sep-2018 20:25:52 UTC] PHP   1. {main}() /home/ubuntu/workspace/work/practice/p3/reviews.php:0
[24-Sep-2018 20:25:52 UTC] PHP   2. movieReviews() /home/ubuntu/workspace/work/practice/p3/reviews.php:98
[24-Sep-2018 20:25:52 UTC] PHP   3. array_push() /home/ubuntu/workspace/work/practice/p3/reviews.php:28
[24-Sep-2018 20:25:52 UTC] PHP Warning:  array_push() expects parameter 1 to be array, null given in /home/ubuntu/workspace/work/practice/p3/reviews.php on line 28
[24-Sep-2018 20:25:52 UTC] PHP Stack trace:
[24-Sep-2018 20:25:52 UTC] PHP   1. {main}() /home/ubuntu/workspace/work/practice/p3/reviews.php:0
[24-Sep-2018 20:25:52 UTC] PHP   2. movieReviews() /home/ubuntu/workspace/work/practice/p3/reviews.php:98
[24-Sep-2018 20:25:52 UTC] PHP   3. array_push() /home/ubuntu/workspace/work/practice/p3/reviews.php:28
[24-Sep-2018 20:25:52 UTC] PHP Warning:  array_push() expects parameter 1 to be array, null given in /home/ubuntu/workspace/work/practice/p3/reviews.php on line 28
[24-Sep-2018 20:25:52 UTC] PHP Stack trace:
[24-Sep-2018 20:25:52 UTC] PHP   1. {main}() /home/ubuntu/workspace/work/practice/p3/reviews.php:0
[24-Sep-2018 20:25:52 UTC] PHP   2. movieReviews() /home/ubuntu/workspace/work/practice/p3/reviews.php:98
[24-Sep-2018 20:25:52 UTC] PHP   3. array_push() /home/ubuntu/workspace/work/practice/p3/reviews.php:28
[24-Sep-2018 20:25:52 UTC] PHP Warning:  array_push() expects parameter 1 to be array, null given in /home/ubuntu/workspace/work/practice/p3/reviews.php on line 28
[24-Sep-2018 20:25:52 UTC] PHP Stack trace:
[24-Sep-2018 20:25:52 UTC] PHP   1. {main}() /home/ubuntu/workspace/work/practice/p3/reviews.php:0
[24-Sep-2018 20:25:52 UTC] PHP   2. movieReviews() /home/ubuntu/workspace/work/practice/p3/reviews.php:98
[24-Sep-2018 20:25:52 UTC] PHP   3. array_push() /home/ubuntu/workspace/work/practice/p3/reviews.php:28
[24-Sep-2018 20:25:52 UTC] PHP Warning:  array_push() expects parameter 1 to be array, null given in /home/ubuntu/workspace/work/practice/p3/reviews.php on line 28
[24-Sep-2018 20:25:52 UTC] PHP Stack trace:
[24-Sep-2018 20:25:52 UTC] PHP   1. {main}() /home/ubuntu/workspace/work/practice/p3/reviews.php:0
[24-Sep-2018 20:25:52 UTC] PHP   2. movieReviews() /home/ubuntu/workspace/work/practice/p3/reviews.php:98
[24-Sep-2018 20:25:52 UTC] PHP   3. array_push() /home/ubuntu/workspace/work/practice/p3/reviews.php:28
[24-Sep-2018 20:25:53 UTC] PHP Warning:  array_push() expects parameter 1 to be array, null given in /home/ubuntu/workspace/work/practice/p3/reviews.php on line 28
[24-Sep-2018 20:25:53 UTC] PHP Stack trace:
[24-Sep-2018 20:25:53 UTC] PHP   1. {main}() /home/ubuntu/workspace/work/practice/p3/reviews.php:0
[24-Sep-2018 20:25:53 UTC] PHP   2. movieReviews() /home/ubuntu/workspace/work/practice/p3/reviews.php:98
[24-Sep-2018 20:25:53 UTC] PHP   3. array_push() /home/ubuntu/workspace/work/practice/p3/reviews.php:28
[24-Sep-2018 20:25:53 UTC] PHP Warning:  array_push() expects parameter 1 to be array, null given in /home/ubuntu/workspace/work/practice/p3/reviews.php on line 28
[24-Sep-2018 20:25:53 UTC] PHP Stack trace:
[24-Sep-2018 20:25:53 UTC] PHP   1. {main}() /home/ubuntu/workspace/work/practice/p3/reviews.php:0
[24-Sep-2018 20:25:53 UTC] PHP   2. movieReviews() /home/ubuntu/workspace/work/practice/p3/reviews.php:98
[24-Sep-2018 20:25:53 UTC] PHP   3. array_push() /home/ubuntu/workspace/work/practice/p3/reviews.php:28
[24-Sep-2018 20:25:53 UTC] PHP Warning:  array_push() expects parameter 1 to be array, null given in /home/ubuntu/workspace/work/practice/p3/reviews.php on line 28
[24-Sep-2018 20:25:53 UTC] PHP Stack trace:
[24-Sep-2018 20:25:53 UTC] PHP   1. {main}() /home/ubuntu/workspace/work/practice/p3/reviews.php:0
[24-Sep-2018 20:25:53 UTC] PHP   2. movieReviews() /home/ubuntu/workspace/work/practice/p3/reviews.php:98
[24-Sep-2018 20:25:53 UTC] PHP   3. array_push() /home/ubuntu/workspace/work/practice/p3/reviews.php:28
[24-Sep-2018 20:25:53 UTC] PHP Warning:  array_push() expects parameter 1 to be array, null given in /home/ubuntu/workspace/work/practice/p3/reviews.php on line 28
[24-Sep-2018 20:25:53 UTC] PHP Stack trace:
[24-Sep-2018 20:25:53 UTC] PHP   1. {main}() /home/ubuntu/workspace/work/practice/p3/reviews.php:0
[24-Sep-2018 20:25:53 UTC] PHP   2. movieReviews() /home/ubuntu/workspace/work/practice/p3/reviews.php:98
[24-Sep-2018 20:25:53 UTC] PHP   3. array_push() /home/ubuntu/workspace/work/practice/p3/reviews.php:28
[24-Sep-2018 20:25:53 UTC] PHP Warning:  array_push() expects parameter 1 to be array, null given in /home/ubuntu/workspace/work/practice/p3/reviews.php on line 28
[24-Sep-2018 20:25:53 UTC] PHP Stack trace:
[24-Sep-2018 20:25:53 UTC] PHP   1. {main}() /home/ubuntu/workspace/work/practice/p3/reviews.php:0
[24-Sep-2018 20:25:53 UTC] PHP   2. movieReviews() /home/ubuntu/workspace/work/practice/p3/reviews.php:98
[24-Sep-2018 20:25:53 UTC] PHP   3. array_push() /home/ubuntu/workspace/work/practice/p3/reviews.php:28
[24-Sep-2018 20:25:53 UTC] PHP Warning:  array_push() expects parameter 1 to be array, null given in /home/ubuntu/workspace/work/practice/p3/reviews.php on line 28
[24-Sep-2018 20:25:53 UTC] PHP Stack trace:
[24-Sep-2018 20:25:53 UTC] PHP   1. {main}() /home/ubuntu/workspace/work/practice/p3/reviews.php:0
[24-Sep-2018 20:25:53 UTC] PHP   2. movieReviews() /home/ubuntu/workspace/work/practice/p3/reviews.php:98
[24-Sep-2018 20:25:53 UTC] PHP   3. array_push() /home/ubuntu/workspace/work/practice/p3/reviews.php:28
[24-Sep-2018 20:25:53 UTC] PHP Warning:  array_push() expects parameter 1 to be array, null given in /home/ubuntu/workspace/work/practice/p3/reviews.php on line 28
[24-Sep-2018 20:25:53 UTC] PHP Stack trace:
[24-Sep-2018 20:25:53 UTC] PHP   1. {main}() /home/ubuntu/workspace/work/practice/p3/reviews.php:0
[24-Sep-2018 20:25:53 UTC] PHP   2. movieReviews() /home/ubuntu/workspace/work/practice/p3/reviews.php:98
[24-Sep-2018 20:25:53 UTC] PHP   3. array_push() /home/ubuntu/workspace/work/practice/p3/reviews.php:28
[24-Sep-2018 20:25:53 UTC] PHP Warning:  array_push() expects parameter 1 to be array, null given in /home/ubuntu/workspace/work/practice/p3/reviews.php on line 28
[24-Sep-2018 20:25:53 UTC] PHP Stack trace:
[24-Sep-2018 20:25:53 UTC] PHP   1. {main}() /home/ubuntu/workspace/work/practice/p3/reviews.php:0
[24-Sep-2018 20:25:53 UTC] PHP   2. movieReviews() /home/ubuntu/workspace/work/practice/p3/reviews.php:98
[24-Sep-2018 20:25:53 UTC] PHP   3. array_push() /home/ubuntu/workspace/work/practice/p3/reviews.php:28
[24-Sep-2018 20:25:53 UTC] PHP Warning:  array_push() expects parameter 1 to be array, null given in /home/ubuntu/workspace/work/practice/p3/reviews.php on line 28
[24-Sep-2018 20:25:53 UTC] PHP Stack trace:
[24-Sep-2018 20:25:53 UTC] PHP   1. {main}() /home/ubuntu/workspace/work/practice/p3/reviews.php:0
[24-Sep-2018 20:25:53 UTC] PHP   2. movieReviews() /home/ubuntu/workspace/work/practice/p3/reviews.php:98
[24-Sep-2018 20:25:53 UTC] PHP   3. array_push() /home/ubuntu/workspace/work/practice/p3/reviews.php:28
[24-Sep-2018 20:25:53 UTC] PHP Warning:  array_push() expects parameter 1 to be array, null given in /home/ubuntu/workspace/work/practice/p3/reviews.php on line 28
[24-Sep-2018 20:25:53 UTC] PHP Stack trace:
[24-Sep-2018 20:25:53 UTC] PHP   1. {main}() /home/ubuntu/workspace/work/practice/p3/reviews.php:0
[24-Sep-2018 20:25:53 UTC] PHP   2. movieReviews() /home/ubuntu/workspace/work/practice/p3/reviews.php:98
[24-Sep-2018 20:25:53 UTC] PHP   3. array_push() /home/ubuntu/workspace/work/practice/p3/reviews.php:28
[24-Sep-2018 20:25:53 UTC] PHP Warning:  array_push() expects parameter 1 to be array, null given in /home/ubuntu/workspace/work/practice/p3/reviews.php on line 28
[24-Sep-2018 20:25:53 UTC] PHP Stack trace:
[24-Sep-2018 20:25:53 UTC] PHP   1. {main}() /home/ubuntu/workspace/work/practice/p3/reviews.php:0
[24-Sep-2018 20:25:53 UTC] PHP   2. movieReviews() /home/ubuntu/workspace/work/practice/p3/reviews.php:98
[24-Sep-2018 20:25:53 UTC] PHP   3. array_push() /home/ubuntu/workspace/work/practice/p3/reviews.php:28
[24-Sep-2018 20:25:53 UTC] PHP Warning:  array_push() expects parameter 1 to be array, null given in /home/ubuntu/workspace/work/practice/p3/reviews.php on line 28
[24-Sep-2018 20:25:53 UTC] PHP Stack trace:
[24-Sep-2018 20:25:53 UTC] PHP   1. {main}() /home/ubuntu/workspace/work/practice/p3/reviews.php:0
[24-Sep-2018 20:25:53 UTC] PHP   2. movieReviews() /home/ubuntu/workspace/work/practice/p3/reviews.php:98
[24-Sep-2018 20:25:53 UTC] PHP   3. array_push() /home/ubuntu/workspace/work/practice/p3/reviews.php:28
[24-Sep-2018 20:27:10 UTC] PHP Warning:  array_push() expects parameter 1 to be array, null given in /home/ubuntu/workspace/work/practice/p3/reviews.php on line 28
[24-Sep-2018 20:27:10 UTC] PHP Stack trace:
[24-Sep-2018 20:27:10 UTC] PHP   1. {main}() /home/ubuntu/workspace/work/practice/p3/reviews.php:0
[24-Sep-2018 20:27:10 UTC] PHP   2. movieReviews() /home/ubuntu/workspace/work/practice/p3/reviews.php:98
[24-Sep-2018 20:27:10 UTC] PHP   3. array_push() /home/ubuntu/workspace/work/practice/p3/reviews.php:28
[24-Sep-2018 20:27:10 UTC] PHP Warning:  array_push() expects parameter 1 to be array, null given in /home/ubuntu/workspace/work/practice/p3/reviews.php on line 28
[24-Sep-2018 20:27:10 UTC] PHP Stack trace:
[24-Sep-2018 20:27:10 UTC] PHP   1. {main}() /home/ubuntu/workspace/work/practice/p3/reviews.php:0
[24-Sep-2018 20:27:10 UTC] PHP   2. movieReviews() /home/ubuntu/workspace/work/practice/p3/reviews.php:98
[24-Sep-2018 20:27:10 UTC] PHP   3. array_push() /home/ubuntu/workspace/work/practice/p3/reviews.php:28
[24-Sep-2018 20:27:10 UTC] PHP Warning:  array_push() expects parameter 1 to be array, null given in /home/ubuntu/workspace/work/practice/p3/reviews.php on line 28
[24-Sep-2018 20:27:10 UTC] PHP Stack trace:
[24-Sep-2018 20:27:10 UTC] PHP   1. {main}() /home/ubuntu/workspace/work/practice/p3/reviews.php:0
[24-Sep-2018 20:27:10 UTC] PHP   2. movieReviews() /home/ubuntu/workspace/work/practice/p3/reviews.php:98
[24-Sep-2018 20:27:10 UTC] PHP   3. array_push() /home/ubuntu/workspace/work/practice/p3/reviews.php:28
[24-Sep-2018 20:27:10 UTC] PHP Warning:  array_push() expects parameter 1 to be array, null given in /home/ubuntu/workspace/work/practice/p3/reviews.php on line 28
[24-Sep-2018 20:27:10 UTC] PHP Stack trace:
[24-Sep-2018 20:27:10 UTC] PHP   1. {main}() /home/ubuntu/workspace/work/practice/p3/reviews.php:0
[24-Sep-2018 20:27:10 UTC] PHP   2. movieReviews() /home/ubuntu/workspace/work/practice/p3/reviews.php:98
[24-Sep-2018 20:27:10 UTC] PHP   3. array_push() /home/ubuntu/workspace/work/practice/p3/reviews.php:28
[08-Oct-2018 19:46:58 UTC] PHP Parse error:  syntax error, unexpected '{' in /home/ubuntu/workspace/work/practice/p5/test.php on line 2
[08-Oct-2018 20:00:03 UTC] PHP Parse error:  syntax error, unexpected 'if' (T_IF), expecting ',' or ';' in /home/ubuntu/workspace/work/practice/p5/xindex.php on line 9
[08-Oct-2018 20:29:19 UTC] PHP Parse error:  syntax error, unexpected 'if' (T_IF), expecting ',' or ';' in /home/ubuntu/workspace/work/practice/p5/xindex.php on line 9
[29-Oct-2018 19:45:02 UTC] PHP Fatal error:  Call to undefined function startConnection() in /home/ubuntu/workspace/work/practice/p7/index.php on line 3
[29-Oct-2018 19:45:02 UTC] PHP Stack trace:
[29-Oct-2018 19:45:02 UTC] PHP   1. {main}() /home/ubuntu/workspace/work/practice/p7/index.php:0
[29-Oct-2018 19:46:07 UTC] PHP Fatal error:  Uncaught exception 'PDOException' with message 'SQLSTATE[42000]: Syntax error or access violation: 1064 You have an error in your SQL syntax; check the manual that corresponds to your MySQL server version for the right syntax to use near '' at line 1' in /home/ubuntu/workspace/work/practice/p7/index.php:11
Stack trace:
#0 /home/ubuntu/workspace/work/practice/p7/index.php(11): PDOStatement->execute()
#1 /home/ubuntu/workspace/work/practice/p7/index.php(50): db()
#2 {main}
  thrown in /home/ubuntu/workspace/work/practice/p7/index.php on line 11
[29-Oct-2018 19:47:50 UTC] PHP Fatal error:  Uncaught exception 'PDOException' with message 'SQLSTATE[42000]: Syntax error or access violation: 1064 You have an error in your SQL syntax; check the manual that corresponds to your MySQL server version for the right syntax to use near '' at line 1' in /home/ubuntu/workspace/work/practice/p7/index.php:11
Stack trace:
#0 /home/ubuntu/workspace/work/practice/p7/index.php(11): PDOStatement->execute()
#1 /home/ubuntu/workspace/work/practice/p7/index.php(50): db()
#2 {main}
  thrown in /home/ubuntu/workspace/work/practice/p7/index.php on line 11
[29-Oct-2018 19:49:05 UTC] PHP Fatal error:  Uncaught exception 'PDOException' with message 'SQLSTATE[42000]: Syntax error or access violation: 1064 You have an error in your SQL syntax; check the manual that corresponds to your MySQL server version for the right syntax to use near '%%' at line 1' in /home/ubuntu/workspace/work/practice/p7/index.php:11
Stack trace:
#0 /home/ubuntu/workspace/work/practice/p7/index.php(11): PDOStatement->execute()
#1 /home/ubuntu/workspace/work/practice/p7/index.php(50): db()
#2 {main}
  thrown in /home/ubuntu/workspace/work/practice/p7/index.php on line 11
[29-Oct-2018 19:49:12 UTC] PHP Fatal error:  Uncaught exception 'PDOException' with message 'SQLSTATE[42000]: Syntax error or access violation: 1064 You have an error in your SQL syntax; check the manual that corresponds to your MySQL server version for the right syntax to use near '%tree%' at line 1' in /home/ubuntu/workspace/work/practice/p7/index.php:11
Stack trace:
#0 /home/ubuntu/workspace/work/practice/p7/index.php(11): PDOStatement->execute()
#1 /home/ubuntu/workspace/work/practice/p7/index.php(50): db()
#2 {main}
  thrown in /home/ubuntu/workspace/work/practice/p7/index.php on line 11
[31-Oct-2018 19:28:24 UTC] PHP Parse error:  syntax error, unexpected '}' in /home/ubuntu/workspace/work/practice/meme-lab-v2/functions.php on line 92
[31-Oct-2018 19:28:24 UTC] PHP Stack trace:
[31-Oct-2018 19:28:24 UTC] PHP   1. {main}() /home/ubuntu/workspace/work/practice/meme-lab-v2/index.php:0
[31-Oct-2018 19:35:07 UTC] PHP Fatal error:  Cannot redeclare fetchMemeFromDB() (previously declared in /home/ubuntu/workspace/work/practice/meme-lab-v2/functions.php:88) in /home/ubuntu/workspace/work/practice/meme-lab-v2/functions.php on line 152
[31-Oct-2018 19:35:07 UTC] PHP Stack trace:
[31-Oct-2018 19:35:07 UTC] PHP   1. {main}() /home/ubuntu/workspace/work/practice/meme-lab-v2/index.php:0
