[17-Sep-2018 19:25:49 UTC] PHP Parse error:  syntax error, unexpected '?>', expecting '{' in /home/ubuntu/workspace/work/labs/labTwo/index.php on line 36
[19-Sep-2018 05:50:31 UTC] PHP Warning:  include(/work/labs/labTwo/inc/functions.php): failed to open stream: No such file or directory in /home/ubuntu/workspace/work/labs/labTwo/index.php on line 9
[19-Sep-2018 05:50:31 UTC] PHP Stack trace:
[19-Sep-2018 05:50:31 UTC] PHP   1. {main}() /home/ubuntu/workspace/work/labs/labTwo/index.php:0
[19-Sep-2018 05:50:31 UTC] PHP Warning:  include(): Failed opening '/work/labs/labTwo/inc/functions.php' for inclusion (include_path='.:/usr/share/php:/usr/share/pear') in /home/ubuntu/workspace/work/labs/labTwo/index.php on line 9
[19-Sep-2018 05:50:31 UTC] PHP Stack trace:
[19-Sep-2018 05:50:31 UTC] PHP   1. {main}() /home/ubuntu/workspace/work/labs/labTwo/index.php:0
[19-Sep-2018 05:51:51 UTC] PHP Fatal error:  Call to undefined function displaySymbol() in /home/ubuntu/workspace/work/labs/labTwo/index.php on line 14
[19-Sep-2018 05:51:51 UTC] PHP Stack trace:
[19-Sep-2018 05:51:51 UTC] PHP   1. {main}() /home/ubuntu/workspace/work/labs/labTwo/index.php:0
[19-Sep-2018 05:52:01 UTC] PHP Fatal error:  Call to undefined function displaySymbol() in /home/ubuntu/workspace/work/labs/labTwo/index.php on line 14
[19-Sep-2018 05:52:01 UTC] PHP Stack trace:
[19-Sep-2018 05:52:01 UTC] PHP   1. {main}() /home/ubuntu/workspace/work/labs/labTwo/index.php:0
[19-Sep-2018 05:52:33 UTC] PHP Fatal error:  Call to undefined function displaySymbol() in /home/ubuntu/workspace/work/labs/labTwo/index.php on line 14
[19-Sep-2018 05:52:33 UTC] PHP Stack trace:
[19-Sep-2018 05:52:33 UTC] PHP   1. {main}() /home/ubuntu/workspace/work/labs/labTwo/index.php:0
[19-Sep-2018 05:52:36 UTC] PHP Fatal error:  Call to undefined function displaySymbol() in /home/ubuntu/workspace/work/labs/labTwo/index.php on line 14
[19-Sep-2018 05:52:36 UTC] PHP Stack trace:
[19-Sep-2018 05:52:36 UTC] PHP   1. {main}() /home/ubuntu/workspace/work/labs/labTwo/index.php:0
[19-Sep-2018 05:55:35 UTC] PHP Fatal error:  Call to undefined function play() in /home/ubuntu/workspace/work/labs/labTwo/index.php on line 9
[19-Sep-2018 05:55:35 UTC] PHP Stack trace:
[19-Sep-2018 05:55:35 UTC] PHP   1. {main}() /home/ubuntu/workspace/work/labs/labTwo/index.php:0
[19-Sep-2018 05:56:26 UTC] PHP Fatal error:  Call to undefined function play() in /home/ubuntu/workspace/work/labs/labTwo/index.php on line 9
[19-Sep-2018 05:56:26 UTC] PHP Stack trace:
[19-Sep-2018 05:56:26 UTC] PHP   1. {main}() /home/ubuntu/workspace/work/labs/labTwo/index.php:0
[19-Sep-2018 05:56:28 UTC] PHP Fatal error:  Call to undefined function play() in /home/ubuntu/workspace/work/labs/labTwo/index.php on line 9
[19-Sep-2018 05:56:28 UTC] PHP Stack trace:
[19-Sep-2018 05:56:28 UTC] PHP   1. {main}() /home/ubuntu/workspace/work/labs/labTwo/index.php:0
[19-Sep-2018 05:56:41 UTC] PHP Fatal error:  Call to undefined function play() in /home/ubuntu/workspace/work/labs/labTwo/index.php on line 9
[19-Sep-2018 05:56:41 UTC] PHP Stack trace:
[19-Sep-2018 05:56:41 UTC] PHP   1. {main}() /home/ubuntu/workspace/work/labs/labTwo/index.php:0
[19-Sep-2018 05:57:11 UTC] PHP Fatal error:  Call to undefined function play() in /home/ubuntu/workspace/work/labs/labTwo/index.php on line 9
[19-Sep-2018 05:57:11 UTC] PHP Stack trace:
[19-Sep-2018 05:57:11 UTC] PHP   1. {main}() /home/ubuntu/workspace/work/labs/labTwo/index.php:0
[19-Sep-2018 05:57:13 UTC] PHP Fatal error:  Call to undefined function play() in /home/ubuntu/workspace/work/labs/labTwo/index.php on line 9
[19-Sep-2018 05:57:13 UTC] PHP Stack trace:
[19-Sep-2018 05:57:13 UTC] PHP   1. {main}() /home/ubuntu/workspace/work/labs/labTwo/index.php:0
[19-Sep-2018 05:57:41 UTC] PHP Fatal error:  Call to undefined function play() in /home/ubuntu/workspace/work/labs/labTwo/index.php on line 9
[19-Sep-2018 05:57:41 UTC] PHP Stack trace:
[19-Sep-2018 05:57:41 UTC] PHP   1. {main}() /home/ubuntu/workspace/work/labs/labTwo/index.php:0
[19-Sep-2018 05:57:43 UTC] PHP Fatal error:  Call to undefined function play() in /home/ubuntu/workspace/work/labs/labTwo/index.php on line 9
[19-Sep-2018 05:57:43 UTC] PHP Stack trace:
[19-Sep-2018 05:57:43 UTC] PHP   1. {main}() /home/ubuntu/workspace/work/labs/labTwo/index.php:0
[19-Sep-2018 05:58:04 UTC] PHP Fatal error:  Call to undefined function play() in /home/ubuntu/workspace/work/labs/labTwo/index.php on line 9
[19-Sep-2018 05:58:04 UTC] PHP Stack trace:
[19-Sep-2018 05:58:04 UTC] PHP   1. {main}() /home/ubuntu/workspace/work/labs/labTwo/index.php:0
[19-Sep-2018 05:58:15 UTC] PHP Fatal error:  Call to undefined function play() in /home/ubuntu/workspace/work/labs/labTwo/index.php on line 9
[19-Sep-2018 05:58:15 UTC] PHP Stack trace:
[19-Sep-2018 05:58:15 UTC] PHP   1. {main}() /home/ubuntu/workspace/work/labs/labTwo/index.php:0
[19-Sep-2018 05:58:16 UTC] PHP Fatal error:  Call to undefined function play() in /home/ubuntu/workspace/work/labs/labTwo/index.php on line 9
[19-Sep-2018 05:58:16 UTC] PHP Stack trace:
[19-Sep-2018 05:58:16 UTC] PHP   1. {main}() /home/ubuntu/workspace/work/labs/labTwo/index.php:0
[19-Sep-2018 05:59:07 UTC] PHP Fatal error:  Call to undefined function play() in /home/ubuntu/workspace/work/labs/labTwo/index.php on line 9
[19-Sep-2018 05:59:07 UTC] PHP Stack trace:
[19-Sep-2018 05:59:07 UTC] PHP   1. {main}() /home/ubuntu/workspace/work/labs/labTwo/index.php:0
[03-Oct-2018 06:13:14 UTC] PHP Warning:  include(/work/labs/labFour/Slider/api/pixabayAPI.php): failed to open stream: No such file or directory in /home/ubuntu/workspace/work/labs/labFour/index.php on line 5
[03-Oct-2018 06:13:14 UTC] PHP Stack trace:
[03-Oct-2018 06:13:14 UTC] PHP   1. {main}() /home/ubuntu/workspace/work/labs/labFour/index.php:0
[03-Oct-2018 06:13:14 UTC] PHP Warning:  include(): Failed opening '/work/labs/labFour/Slider/api/pixabayAPI.php' for inclusion (include_path='.:/usr/share/php:/usr/share/pear') in /home/ubuntu/workspace/work/labs/labFour/index.php on line 5
[03-Oct-2018 06:13:14 UTC] PHP Stack trace:
[03-Oct-2018 06:13:14 UTC] PHP   1. {main}() /home/ubuntu/workspace/work/labs/labFour/index.php:0
[03-Oct-2018 06:13:14 UTC] PHP Fatal error:  Call to undefined function getImageURLs() in /home/ubuntu/workspace/work/labs/labFour/index.php on line 6
[03-Oct-2018 06:13:14 UTC] PHP Stack trace:
[03-Oct-2018 06:13:14 UTC] PHP   1. {main}() /home/ubuntu/workspace/work/labs/labFour/index.php:0
[03-Oct-2018 06:13:43 UTC] PHP Warning:  include(api/pixabayAPI.php): failed to open stream: No such file or directory in /home/ubuntu/workspace/work/labs/labFour/index.php on line 5
[03-Oct-2018 06:13:43 UTC] PHP Stack trace:
[03-Oct-2018 06:13:43 UTC] PHP   1. {main}() /home/ubuntu/workspace/work/labs/labFour/index.php:0
[03-Oct-2018 06:13:43 UTC] PHP Warning:  include(): Failed opening 'api/pixabayAPI.php' for inclusion (include_path='.:/usr/share/php:/usr/share/pear') in /home/ubuntu/workspace/work/labs/labFour/index.php on line 5
[03-Oct-2018 06:13:43 UTC] PHP Stack trace:
[03-Oct-2018 06:13:43 UTC] PHP   1. {main}() /home/ubuntu/workspace/work/labs/labFour/index.php:0
[03-Oct-2018 06:13:43 UTC] PHP Fatal error:  Call to undefined function getImageURLs() in /home/ubuntu/workspace/work/labs/labFour/index.php on line 6
[03-Oct-2018 06:13:43 UTC] PHP Stack trace:
[03-Oct-2018 06:13:43 UTC] PHP   1. {main}() /home/ubuntu/workspace/work/labs/labFour/index.php:0
[03-Oct-2018 06:14:00 UTC] PHP Warning:  include(/api/pixabayAPI.php): failed to open stream: No such file or directory in /home/ubuntu/workspace/work/labs/labFour/index.php on line 5
[03-Oct-2018 06:14:00 UTC] PHP Stack trace:
[03-Oct-2018 06:14:00 UTC] PHP   1. {main}() /home/ubuntu/workspace/work/labs/labFour/index.php:0
[03-Oct-2018 06:14:00 UTC] PHP Warning:  include(): Failed opening '/api/pixabayAPI.php' for inclusion (include_path='.:/usr/share/php:/usr/share/pear') in /home/ubuntu/workspace/work/labs/labFour/index.php on line 5
[03-Oct-2018 06:14:00 UTC] PHP Stack trace:
[03-Oct-2018 06:14:00 UTC] PHP   1. {main}() /home/ubuntu/workspace/work/labs/labFour/index.php:0
[03-Oct-2018 06:14:00 UTC] PHP Fatal error:  Call to undefined function getImageURLs() in /home/ubuntu/workspace/work/labs/labFour/index.php on line 6
[03-Oct-2018 06:14:00 UTC] PHP Stack trace:
[03-Oct-2018 06:14:00 UTC] PHP   1. {main}() /home/ubuntu/workspace/work/labs/labFour/index.php:0
[03-Oct-2018 06:15:02 UTC] PHP Warning:  include(api/pixabayAPI.php): failed to open stream: No such file or directory in /home/ubuntu/workspace/work/labs/labFour/index.php on line 5
[03-Oct-2018 06:15:02 UTC] PHP Stack trace:
[03-Oct-2018 06:15:02 UTC] PHP   1. {main}() /home/ubuntu/workspace/work/labs/labFour/index.php:0
[03-Oct-2018 06:15:02 UTC] PHP Warning:  include(): Failed opening 'api/pixabayAPI.php' for inclusion (include_path='.:/usr/share/php:/usr/share/pear') in /home/ubuntu/workspace/work/labs/labFour/index.php on line 5
[03-Oct-2018 06:15:02 UTC] PHP Stack trace:
[03-Oct-2018 06:15:02 UTC] PHP   1. {main}() /home/ubuntu/workspace/work/labs/labFour/index.php:0
[03-Oct-2018 06:15:02 UTC] PHP Fatal error:  Call to undefined function getImageURLs() in /home/ubuntu/workspace/work/labs/labFour/index.php on line 6
[03-Oct-2018 06:15:02 UTC] PHP Stack trace:
[03-Oct-2018 06:15:02 UTC] PHP   1. {main}() /home/ubuntu/workspace/work/labs/labFour/index.php:0
[03-Oct-2018 06:18:40 UTC] PHP Warning:  include(api/pixabayAPI.php): failed to open stream: No such file or directory in /home/ubuntu/workspace/work/labs/labFour/index.php on line 5
[03-Oct-2018 06:18:40 UTC] PHP Stack trace:
[03-Oct-2018 06:18:40 UTC] PHP   1. {main}() /home/ubuntu/workspace/work/labs/labFour/index.php:0
[03-Oct-2018 06:18:40 UTC] PHP Warning:  include(): Failed opening 'api/pixabayAPI.php' for inclusion (include_path='.:/usr/share/php:/usr/share/pear') in /home/ubuntu/workspace/work/labs/labFour/index.php on line 5
[03-Oct-2018 06:18:40 UTC] PHP Stack trace:
[03-Oct-2018 06:18:40 UTC] PHP   1. {main}() /home/ubuntu/workspace/work/labs/labFour/index.php:0
[03-Oct-2018 06:18:40 UTC] PHP Fatal error:  Call to undefined function getImageURLs() in /home/ubuntu/workspace/work/labs/labFour/index.php on line 6
[03-Oct-2018 06:18:40 UTC] PHP Stack trace:
[03-Oct-2018 06:18:40 UTC] PHP   1. {main}() /home/ubuntu/workspace/work/labs/labFour/index.php:0
[03-Oct-2018 06:19:55 UTC] PHP Warning:  include(/work/labs/labFour/Slider/api/pixabayAPI.php): failed to open stream: No such file or directory in /home/ubuntu/workspace/work/labs/labFour/index.php on line 5
[03-Oct-2018 06:19:55 UTC] PHP Stack trace:
[03-Oct-2018 06:19:55 UTC] PHP   1. {main}() /home/ubuntu/workspace/work/labs/labFour/index.php:0
[03-Oct-2018 06:19:55 UTC] PHP Warning:  include(): Failed opening '/work/labs/labFour/Slider/api/pixabayAPI.php' for inclusion (include_path='.:/usr/share/php:/usr/share/pear') in /home/ubuntu/workspace/work/labs/labFour/index.php on line 5
[03-Oct-2018 06:19:55 UTC] PHP Stack trace:
[03-Oct-2018 06:19:55 UTC] PHP   1. {main}() /home/ubuntu/workspace/work/labs/labFour/index.php:0
[03-Oct-2018 06:19:55 UTC] PHP Fatal error:  Call to undefined function getImageURLs() in /home/ubuntu/workspace/work/labs/labFour/index.php on line 6
[03-Oct-2018 06:19:55 UTC] PHP Stack trace:
[03-Oct-2018 06:19:55 UTC] PHP   1. {main}() /home/ubuntu/workspace/work/labs/labFour/index.php:0
[03-Oct-2018 06:23:59 UTC] PHP Warning:  include(/work/labs/labFour/Slider/api/pixabayAPI.php): failed to open stream: No such file or directory in /home/ubuntu/workspace/work/labs/labFour/index.php on line 6
[03-Oct-2018 06:23:59 UTC] PHP Stack trace:
[03-Oct-2018 06:23:59 UTC] PHP   1. {main}() /home/ubuntu/workspace/work/labs/labFour/index.php:0
[03-Oct-2018 06:23:59 UTC] PHP Warning:  include(): Failed opening '/work/labs/labFour/Slider/api/pixabayAPI.php' for inclusion (include_path='.:/usr/share/php:/usr/share/pear') in /home/ubuntu/workspace/work/labs/labFour/index.php on line 6
[03-Oct-2018 06:23:59 UTC] PHP Stack trace:
[03-Oct-2018 06:23:59 UTC] PHP   1. {main}() /home/ubuntu/workspace/work/labs/labFour/index.php:0
[03-Oct-2018 06:23:59 UTC] PHP Fatal error:  Call to undefined function getImageURLs() in /home/ubuntu/workspace/work/labs/labFour/index.php on line 7
[03-Oct-2018 06:23:59 UTC] PHP Stack trace:
[03-Oct-2018 06:23:59 UTC] PHP   1. {main}() /home/ubuntu/workspace/work/labs/labFour/index.php:0
[03-Oct-2018 06:24:48 UTC] PHP Warning:  include(/labFour/Slider/api/pixabayAPI.php): failed to open stream: No such file or directory in /home/ubuntu/workspace/work/labs/labFour/index.php on line 6
[03-Oct-2018 06:24:48 UTC] PHP Stack trace:
[03-Oct-2018 06:24:48 UTC] PHP   1. {main}() /home/ubuntu/workspace/work/labs/labFour/index.php:0
[03-Oct-2018 06:24:48 UTC] PHP Warning:  include(): Failed opening '/labFour/Slider/api/pixabayAPI.php' for inclusion (include_path='.:/usr/share/php:/usr/share/pear') in /home/ubuntu/workspace/work/labs/labFour/index.php on line 6
[03-Oct-2018 06:24:48 UTC] PHP Stack trace:
[03-Oct-2018 06:24:48 UTC] PHP   1. {main}() /home/ubuntu/workspace/work/labs/labFour/index.php:0
[03-Oct-2018 06:24:48 UTC] PHP Fatal error:  Call to undefined function getImageURLs() in /home/ubuntu/workspace/work/labs/labFour/index.php on line 7
[03-Oct-2018 06:24:48 UTC] PHP Stack trace:
[03-Oct-2018 06:24:48 UTC] PHP   1. {main}() /home/ubuntu/workspace/work/labs/labFour/index.php:0
[03-Oct-2018 06:28:25 UTC] PHP Warning:  include(/labFour/Slider/api/pixabayAPI.php): failed to open stream: No such file or directory in /home/ubuntu/workspace/work/labs/labFour/index.php on line 6
[03-Oct-2018 06:28:25 UTC] PHP Stack trace:
[03-Oct-2018 06:28:25 UTC] PHP   1. {main}() /home/ubuntu/workspace/work/labs/labFour/index.php:0
[03-Oct-2018 06:28:25 UTC] PHP Warning:  include(): Failed opening '/labFour/Slider/api/pixabayAPI.php' for inclusion (include_path='.:/usr/share/php:/usr/share/pear') in /home/ubuntu/workspace/work/labs/labFour/index.php on line 6
[03-Oct-2018 06:28:25 UTC] PHP Stack trace:
[03-Oct-2018 06:28:25 UTC] PHP   1. {main}() /home/ubuntu/workspace/work/labs/labFour/index.php:0
[03-Oct-2018 06:28:25 UTC] PHP Fatal error:  Call to undefined function getImageURLs() in /home/ubuntu/workspace/work/labs/labFour/index.php on line 7
[03-Oct-2018 06:28:25 UTC] PHP Stack trace:
[03-Oct-2018 06:28:25 UTC] PHP   1. {main}() /home/ubuntu/workspace/work/labs/labFour/index.php:0
[03-Oct-2018 06:35:26 UTC] PHP Warning:  include(api/pixabayAPI.php): failed to open stream: No such file or directory in /home/ubuntu/workspace/work/labs/labFour/index.php on line 6
[03-Oct-2018 06:35:26 UTC] PHP Stack trace:
[03-Oct-2018 06:35:26 UTC] PHP   1. {main}() /home/ubuntu/workspace/work/labs/labFour/index.php:0
[03-Oct-2018 06:35:26 UTC] PHP Warning:  include(): Failed opening 'api/pixabayAPI.php' for inclusion (include_path='.:/usr/share/php:/usr/share/pear') in /home/ubuntu/workspace/work/labs/labFour/index.php on line 6
[03-Oct-2018 06:35:26 UTC] PHP Stack trace:
[03-Oct-2018 06:35:26 UTC] PHP   1. {main}() /home/ubuntu/workspace/work/labs/labFour/index.php:0
[03-Oct-2018 06:35:26 UTC] PHP Fatal error:  Call to undefined function getImageURLs() in /home/ubuntu/workspace/work/labs/labFour/index.php on line 7
[03-Oct-2018 06:35:26 UTC] PHP Stack trace:
[03-Oct-2018 06:35:26 UTC] PHP   1. {main}() /home/ubuntu/workspace/work/labs/labFour/index.php:0
[03-Oct-2018 06:36:27 UTC] PHP Warning:  include(/work/labs/labFour/Slider/api/pixabayAPI.php): failed to open stream: No such file or directory in /home/ubuntu/workspace/work/labs/labFour/index.php on line 6
[03-Oct-2018 06:36:27 UTC] PHP Stack trace:
[03-Oct-2018 06:36:27 UTC] PHP   1. {main}() /home/ubuntu/workspace/work/labs/labFour/index.php:0
[03-Oct-2018 06:36:27 UTC] PHP Warning:  include(): Failed opening '/work/labs/labFour/Slider/api/pixabayAPI.php' for inclusion (include_path='.:/usr/share/php:/usr/share/pear') in /home/ubuntu/workspace/work/labs/labFour/index.php on line 6
[03-Oct-2018 06:36:27 UTC] PHP Stack trace:
[03-Oct-2018 06:36:27 UTC] PHP   1. {main}() /home/ubuntu/workspace/work/labs/labFour/index.php:0
[03-Oct-2018 06:36:27 UTC] PHP Fatal error:  Call to undefined function getImageURLs() in /home/ubuntu/workspace/work/labs/labFour/index.php on line 7
[03-Oct-2018 06:36:27 UTC] PHP Stack trace:
[03-Oct-2018 06:36:27 UTC] PHP   1. {main}() /home/ubuntu/workspace/work/labs/labFour/index.php:0
[03-Oct-2018 06:37:19 UTC] PHP Warning:  include(/work/labs/labFour/Slider/api/pixabayAPI.php): failed to open stream: No such file or directory in /home/ubuntu/workspace/work/labs/labFour/index.php on line 6
[03-Oct-2018 06:37:19 UTC] PHP Stack trace:
[03-Oct-2018 06:37:19 UTC] PHP   1. {main}() /home/ubuntu/workspace/work/labs/labFour/index.php:0
[03-Oct-2018 06:37:19 UTC] PHP Warning:  include(): Failed opening '/work/labs/labFour/Slider/api/pixabayAPI.php' for inclusion (include_path='.:/usr/share/php:/usr/share/pear') in /home/ubuntu/workspace/work/labs/labFour/index.php on line 6
[03-Oct-2018 06:37:19 UTC] PHP Stack trace:
[03-Oct-2018 06:37:19 UTC] PHP   1. {main}() /home/ubuntu/workspace/work/labs/labFour/index.php:0
[03-Oct-2018 06:37:19 UTC] PHP Fatal error:  Call to undefined function getImageURLs() in /home/ubuntu/workspace/work/labs/labFour/index.php on line 7
[03-Oct-2018 06:37:19 UTC] PHP Stack trace:
[03-Oct-2018 06:37:19 UTC] PHP   1. {main}() /home/ubuntu/workspace/work/labs/labFour/index.php:0
[03-Oct-2018 06:38:21 UTC] PHP Warning:  include(/labs/labFour/Slider/api/pixabayAPI.php): failed to open stream: No such file or directory in /home/ubuntu/workspace/work/labs/labFour/index.php on line 6
[03-Oct-2018 06:38:21 UTC] PHP Stack trace:
[03-Oct-2018 06:38:21 UTC] PHP   1. {main}() /home/ubuntu/workspace/work/labs/labFour/index.php:0
[03-Oct-2018 06:38:21 UTC] PHP Warning:  include(): Failed opening '/labs/labFour/Slider/api/pixabayAPI.php' for inclusion (include_path='.:/usr/share/php:/usr/share/pear') in /home/ubuntu/workspace/work/labs/labFour/index.php on line 6
[03-Oct-2018 06:38:21 UTC] PHP Stack trace:
[03-Oct-2018 06:38:21 UTC] PHP   1. {main}() /home/ubuntu/workspace/work/labs/labFour/index.php:0
[03-Oct-2018 06:38:21 UTC] PHP Fatal error:  Call to undefined function getImageURLs() in /home/ubuntu/workspace/work/labs/labFour/index.php on line 7
[03-Oct-2018 06:38:21 UTC] PHP Stack trace:
[03-Oct-2018 06:38:21 UTC] PHP   1. {main}() /home/ubuntu/workspace/work/labs/labFour/index.php:0
[03-Oct-2018 06:38:33 UTC] PHP Warning:  include(/labFour/Slider/api/pixabayAPI.php): failed to open stream: No such file or directory in /home/ubuntu/workspace/work/labs/labFour/index.php on line 6
[03-Oct-2018 06:38:33 UTC] PHP Stack trace:
[03-Oct-2018 06:38:33 UTC] PHP   1. {main}() /home/ubuntu/workspace/work/labs/labFour/index.php:0
[03-Oct-2018 06:38:33 UTC] PHP Warning:  include(): Failed opening '/labFour/Slider/api/pixabayAPI.php' for inclusion (include_path='.:/usr/share/php:/usr/share/pear') in /home/ubuntu/workspace/work/labs/labFour/index.php on line 6
[03-Oct-2018 06:38:33 UTC] PHP Stack trace:
[03-Oct-2018 06:38:33 UTC] PHP   1. {main}() /home/ubuntu/workspace/work/labs/labFour/index.php:0
[03-Oct-2018 06:38:33 UTC] PHP Fatal error:  Call to undefined function getImageURLs() in /home/ubuntu/workspace/work/labs/labFour/index.php on line 7
[03-Oct-2018 06:38:33 UTC] PHP Stack trace:
[03-Oct-2018 06:38:33 UTC] PHP   1. {main}() /home/ubuntu/workspace/work/labs/labFour/index.php:0
[03-Oct-2018 06:38:47 UTC] PHP Warning:  include(/Slider/api/pixabayAPI.php): failed to open stream: No such file or directory in /home/ubuntu/workspace/work/labs/labFour/index.php on line 6
[03-Oct-2018 06:38:47 UTC] PHP Stack trace:
[03-Oct-2018 06:38:47 UTC] PHP   1. {main}() /home/ubuntu/workspace/work/labs/labFour/index.php:0
[03-Oct-2018 06:38:47 UTC] PHP Warning:  include(): Failed opening '/Slider/api/pixabayAPI.php' for inclusion (include_path='.:/usr/share/php:/usr/share/pear') in /home/ubuntu/workspace/work/labs/labFour/index.php on line 6
[03-Oct-2018 06:38:47 UTC] PHP Stack trace:
[03-Oct-2018 06:38:47 UTC] PHP   1. {main}() /home/ubuntu/workspace/work/labs/labFour/index.php:0
[03-Oct-2018 06:38:47 UTC] PHP Fatal error:  Call to undefined function getImageURLs() in /home/ubuntu/workspace/work/labs/labFour/index.php on line 7
[03-Oct-2018 06:38:47 UTC] PHP Stack trace:
[03-Oct-2018 06:38:47 UTC] PHP   1. {main}() /home/ubuntu/workspace/work/labs/labFour/index.php:0
[03-Oct-2018 06:39:19 UTC] PHP Warning:  include(/Slider/api/pixabayAPI.php): failed to open stream: No such file or directory in /home/ubuntu/workspace/work/labs/labFour/index.php on line 6
[03-Oct-2018 06:39:19 UTC] PHP Stack trace:
[03-Oct-2018 06:39:19 UTC] PHP   1. {main}() /home/ubuntu/workspace/work/labs/labFour/index.php:0
[03-Oct-2018 06:39:19 UTC] PHP Warning:  include(): Failed opening '/Slider/api/pixabayAPI.php' for inclusion (include_path='.:/usr/share/php:/usr/share/pear') in /home/ubuntu/workspace/work/labs/labFour/index.php on line 6
[03-Oct-2018 06:39:19 UTC] PHP Stack trace:
[03-Oct-2018 06:39:19 UTC] PHP   1. {main}() /home/ubuntu/workspace/work/labs/labFour/index.php:0
[03-Oct-2018 06:39:19 UTC] PHP Fatal error:  Call to undefined function getImageURLs() in /home/ubuntu/workspace/work/labs/labFour/index.php on line 7
[03-Oct-2018 06:39:19 UTC] PHP Stack trace:
[03-Oct-2018 06:39:19 UTC] PHP   1. {main}() /home/ubuntu/workspace/work/labs/labFour/index.php:0
[04-Oct-2018 06:07:11 UTC] PHP Fatal error:  Maximum execution time of 300 seconds exceeded in /home/ubuntu/workspace/work/labs/labFour/index.php on line 60
[04-Oct-2018 06:07:11 UTC] PHP Stack trace:
[04-Oct-2018 06:07:11 UTC] PHP   1. {main}() /home/ubuntu/workspace/work/labs/labFour/index.php:0
[04-Oct-2018 06:29:53 UTC] PHP Fatal error:  Maximum execution time of 300 seconds exceeded in /home/ubuntu/workspace/work/labs/labFour/index.php on line 62
[04-Oct-2018 06:29:53 UTC] PHP Stack trace:
[04-Oct-2018 06:29:53 UTC] PHP   1. {main}() /home/ubuntu/workspace/work/labs/labFour/index.php:0
[04-Oct-2018 06:30:19 UTC] PHP Fatal error:  Maximum execution time of 300 seconds exceeded in /home/ubuntu/workspace/work/labs/labFour/index.php on line 60
[04-Oct-2018 06:30:19 UTC] PHP Stack trace:
[04-Oct-2018 06:30:19 UTC] PHP   1. {main}() /home/ubuntu/workspace/work/labs/labFour/index.php:0
[12-Oct-2018 05:21:42 UTC] PHP Parse error:  syntax error, unexpected '}' in /home/ubuntu/workspace/work/labs/scart/index.php on line 8
[12-Oct-2018 05:29:55 UTC] PHP Parse error:  syntax error, unexpected '}', expecting ',' or ';' in /home/ubuntu/workspace/work/labs/scart/functions.php on line 19
[12-Oct-2018 05:29:55 UTC] PHP Stack trace:
[12-Oct-2018 05:29:55 UTC] PHP   1. {main}() /home/ubuntu/workspace/work/labs/scart/index.php:0
[12-Oct-2018 19:31:26 UTC] PHP Fatal error:  Call to undefined function displayCart() in /home/ubuntu/workspace/work/labs/scart/scart.php on line 40
[12-Oct-2018 19:31:26 UTC] PHP Stack trace:
[12-Oct-2018 19:31:26 UTC] PHP   1. {main}() /home/ubuntu/workspace/work/labs/scart/scart.php:0
[12-Oct-2018 19:31:55 UTC] PHP Fatal error:  Call to undefined function displayCart() in /home/ubuntu/workspace/work/labs/scart/scart.php on line 40
[12-Oct-2018 19:31:55 UTC] PHP Stack trace:
[12-Oct-2018 19:31:55 UTC] PHP   1. {main}() /home/ubuntu/workspace/work/labs/scart/scart.php:0
[12-Oct-2018 19:32:04 UTC] PHP Fatal error:  Call to undefined function displayCart() in /home/ubuntu/workspace/work/labs/scart/scart.php on line 40
[12-Oct-2018 19:32:04 UTC] PHP Stack trace:
[12-Oct-2018 19:32:04 UTC] PHP   1. {main}() /home/ubuntu/workspace/work/labs/scart/scart.php:0
[12-Oct-2018 19:33:34 UTC] PHP Fatal error:  Call to undefined function displayCart() in /home/ubuntu/workspace/work/labs/scart/scart.php on line 40
[12-Oct-2018 19:33:34 UTC] PHP Stack trace:
[12-Oct-2018 19:33:34 UTC] PHP   1. {main}() /home/ubuntu/workspace/work/labs/scart/scart.php:0
[12-Oct-2018 19:34:59 UTC] PHP Fatal error:  Call to undefined function displayCart() in /home/ubuntu/workspace/work/labs/scart/scart.php on line 40
[12-Oct-2018 19:34:59 UTC] PHP Stack trace:
[12-Oct-2018 19:34:59 UTC] PHP   1. {main}() /home/ubuntu/workspace/work/labs/scart/scart.php:0
[12-Oct-2018 19:36:42 UTC] PHP Fatal error:  Call to undefined function displayCart() in /home/ubuntu/workspace/work/labs/scart/scart.php on line 40
[12-Oct-2018 19:36:42 UTC] PHP Stack trace:
[12-Oct-2018 19:36:42 UTC] PHP   1. {main}() /home/ubuntu/workspace/work/labs/scart/scart.php:0
[12-Oct-2018 19:36:48 UTC] PHP Fatal error:  Call to undefined function displayCart() in /home/ubuntu/workspace/work/labs/scart/scart.php on line 40
[12-Oct-2018 19:36:48 UTC] PHP Stack trace:
[12-Oct-2018 19:36:48 UTC] PHP   1. {main}() /home/ubuntu/workspace/work/labs/scart/scart.php:0
[12-Oct-2018 19:38:41 UTC] PHP Fatal error:  Call to undefined function displayCart() in /home/ubuntu/workspace/work/labs/scart/scart.php on line 40
[12-Oct-2018 19:38:41 UTC] PHP Stack trace:
[12-Oct-2018 19:38:41 UTC] PHP   1. {main}() /home/ubuntu/workspace/work/labs/scart/scart.php:0
[12-Oct-2018 19:40:02 UTC] PHP Fatal error:  Call to undefined function displayCart() in /home/ubuntu/workspace/work/labs/scart/scart.php on line 40
[12-Oct-2018 19:40:02 UTC] PHP Stack trace:
[12-Oct-2018 19:40:02 UTC] PHP   1. {main}() /home/ubuntu/workspace/work/labs/scart/scart.php:0
[12-Oct-2018 19:41:46 UTC] PHP Fatal error:  Call to undefined function displayCart() in /home/ubuntu/workspace/work/labs/scart/scart.php on line 40
[12-Oct-2018 19:41:46 UTC] PHP Stack trace:
[12-Oct-2018 19:41:46 UTC] PHP   1. {main}() /home/ubuntu/workspace/work/labs/scart/scart.php:0
[12-Oct-2018 19:42:32 UTC] PHP Fatal error:  Call to undefined function displayCart() in /home/ubuntu/workspace/work/labs/scart/scart.php on line 40
[12-Oct-2018 19:42:32 UTC] PHP Stack trace:
[12-Oct-2018 19:42:32 UTC] PHP   1. {main}() /home/ubuntu/workspace/work/labs/scart/scart.php:0
[12-Oct-2018 20:16:53 UTC] PHP Fatal error:  Call to undefined function displayCart() in /home/ubuntu/workspace/work/labs/scart/scart.php on line 41
[12-Oct-2018 20:16:53 UTC] PHP Stack trace:
[12-Oct-2018 20:16:53 UTC] PHP   1. {main}() /home/ubuntu/workspace/work/labs/scart/scart.php:0
[12-Oct-2018 20:18:52 UTC] PHP Fatal error:  Call to undefined function displayCart() in /home/ubuntu/workspace/work/labs/scart/scart.php on line 41
[12-Oct-2018 20:18:52 UTC] PHP Stack trace:
[12-Oct-2018 20:18:52 UTC] PHP   1. {main}() /home/ubuntu/workspace/work/labs/scart/scart.php:0
[12-Oct-2018 20:18:55 UTC] PHP Fatal error:  Call to undefined function displayCart() in /home/ubuntu/workspace/work/labs/scart/scart.php on line 41
[12-Oct-2018 20:18:55 UTC] PHP Stack trace:
[12-Oct-2018 20:18:55 UTC] PHP   1. {main}() /home/ubuntu/workspace/work/labs/scart/scart.php:0
[13-Oct-2018 04:46:23 UTC] PHP Warning:  include(functions.php): failed to open stream: No such file or directory in /home/ubuntu/workspace/work/labs/scart/index1.php on line 2
[13-Oct-2018 04:46:23 UTC] PHP Stack trace:
[13-Oct-2018 04:46:23 UTC] PHP   1. {main}() /home/ubuntu/workspace/work/labs/scart/index1.php:0
[13-Oct-2018 04:46:23 UTC] PHP Warning:  include(): Failed opening 'functions.php' for inclusion (include_path='.:/usr/share/php:/usr/share/pear') in /home/ubuntu/workspace/work/labs/scart/index1.php on line 2
[13-Oct-2018 04:46:23 UTC] PHP Stack trace:
[13-Oct-2018 04:46:23 UTC] PHP   1. {main}() /home/ubuntu/workspace/work/labs/scart/index1.php:0
[13-Oct-2018 04:46:23 UTC] PHP Fatal error:  Call to undefined function displayResults() in /home/ubuntu/workspace/work/labs/scart/index1.php on line 80
[13-Oct-2018 04:46:23 UTC] PHP Stack trace:
[13-Oct-2018 04:46:23 UTC] PHP   1. {main}() /home/ubuntu/workspace/work/labs/scart/index1.php:0
[13-Oct-2018 04:46:40 UTC] PHP Warning:  include(functions.php): failed to open stream: No such file or directory in /home/ubuntu/workspace/work/labs/scart/index1.php on line 2
[13-Oct-2018 04:46:40 UTC] PHP Stack trace:
[13-Oct-2018 04:46:40 UTC] PHP   1. {main}() /home/ubuntu/workspace/work/labs/scart/index1.php:0
[13-Oct-2018 04:46:40 UTC] PHP Warning:  include(): Failed opening 'functions.php' for inclusion (include_path='.:/usr/share/php:/usr/share/pear') in /home/ubuntu/workspace/work/labs/scart/index1.php on line 2
[13-Oct-2018 04:46:40 UTC] PHP Stack trace:
[13-Oct-2018 04:46:40 UTC] PHP   1. {main}() /home/ubuntu/workspace/work/labs/scart/index1.php:0
[13-Oct-2018 04:46:40 UTC] PHP Fatal error:  Call to undefined function displayResults() in /home/ubuntu/workspace/work/labs/scart/index1.php on line 80
[13-Oct-2018 04:46:40 UTC] PHP Stack trace:
[13-Oct-2018 04:46:40 UTC] PHP   1. {main}() /home/ubuntu/workspace/work/labs/scart/index1.php:0
[13-Oct-2018 04:47:03 UTC] PHP Warning:  include(functions.php): failed to open stream: No such file or directory in /home/ubuntu/workspace/work/labs/scart/index1.php on line 2
[13-Oct-2018 04:47:03 UTC] PHP Stack trace:
[13-Oct-2018 04:47:03 UTC] PHP   1. {main}() /home/ubuntu/workspace/work/labs/scart/index1.php:0
[13-Oct-2018 04:47:03 UTC] PHP Warning:  include(): Failed opening 'functions.php' for inclusion (include_path='.:/usr/share/php:/usr/share/pear') in /home/ubuntu/workspace/work/labs/scart/index1.php on line 2
[13-Oct-2018 04:47:03 UTC] PHP Stack trace:
[13-Oct-2018 04:47:03 UTC] PHP   1. {main}() /home/ubuntu/workspace/work/labs/scart/index1.php:0
[13-Oct-2018 04:47:03 UTC] PHP Fatal error:  Call to undefined function displayCart() in /home/ubuntu/workspace/work/labs/scart/index1.php on line 80
[13-Oct-2018 04:47:03 UTC] PHP Stack trace:
[13-Oct-2018 04:47:03 UTC] PHP   1. {main}() /home/ubuntu/workspace/work/labs/scart/index1.php:0
[13-Oct-2018 04:47:14 UTC] PHP Warning:  include(functions.php): failed to open stream: No such file or directory in /home/ubuntu/workspace/work/labs/scart/index1.php on line 2
[13-Oct-2018 04:47:14 UTC] PHP Stack trace:
[13-Oct-2018 04:47:14 UTC] PHP   1. {main}() /home/ubuntu/workspace/work/labs/scart/index1.php:0
[13-Oct-2018 04:47:14 UTC] PHP Warning:  include(): Failed opening 'functions.php' for inclusion (include_path='.:/usr/share/php:/usr/share/pear') in /home/ubuntu/workspace/work/labs/scart/index1.php on line 2
[13-Oct-2018 04:47:14 UTC] PHP Stack trace:
[13-Oct-2018 04:47:14 UTC] PHP   1. {main}() /home/ubuntu/workspace/work/labs/scart/index1.php:0
[13-Oct-2018 04:47:14 UTC] PHP Fatal error:  Call to undefined function displayCart() in /home/ubuntu/workspace/work/labs/scart/index1.php on line 80
[13-Oct-2018 04:47:14 UTC] PHP Stack trace:
[13-Oct-2018 04:47:14 UTC] PHP   1. {main}() /home/ubuntu/workspace/work/labs/scart/index1.php:0
[13-Oct-2018 05:45:14 UTC] PHP Warning:  include(/work/labs/scart/functions1.php): failed to open stream: No such file or directory in /home/ubuntu/workspace/work/labs/scart/index1.php on line 2
[13-Oct-2018 05:45:14 UTC] PHP Stack trace:
[13-Oct-2018 05:45:14 UTC] PHP   1. {main}() /home/ubuntu/workspace/work/labs/scart/index1.php:0
[13-Oct-2018 05:45:14 UTC] PHP Warning:  include(): Failed opening '/work/labs/scart/functions1.php' for inclusion (include_path='.:/usr/share/php:/usr/share/pear') in /home/ubuntu/workspace/work/labs/scart/index1.php on line 2
[13-Oct-2018 05:45:14 UTC] PHP Stack trace:
[13-Oct-2018 05:45:14 UTC] PHP   1. {main}() /home/ubuntu/workspace/work/labs/scart/index1.php:0
[13-Oct-2018 05:45:14 UTC] PHP Fatal error:  Call to undefined function displayCartCount() in /home/ubuntu/workspace/work/labs/scart/index1.php on line 65
[13-Oct-2018 05:45:14 UTC] PHP Stack trace:
[13-Oct-2018 05:45:14 UTC] PHP   1. {main}() /home/ubuntu/workspace/work/labs/scart/index1.php:0
[13-Oct-2018 05:46:01 UTC] PHP Warning:  include(scart/functions1.php): failed to open stream: No such file or directory in /home/ubuntu/workspace/work/labs/scart/index1.php on line 2
[13-Oct-2018 05:46:01 UTC] PHP Stack trace:
[13-Oct-2018 05:46:01 UTC] PHP   1. {main}() /home/ubuntu/workspace/work/labs/scart/index1.php:0
[13-Oct-2018 05:46:01 UTC] PHP Warning:  include(): Failed opening 'scart/functions1.php' for inclusion (include_path='.:/usr/share/php:/usr/share/pear') in /home/ubuntu/workspace/work/labs/scart/index1.php on line 2
[13-Oct-2018 05:46:01 UTC] PHP Stack trace:
[13-Oct-2018 05:46:01 UTC] PHP   1. {main}() /home/ubuntu/workspace/work/labs/scart/index1.php:0
[13-Oct-2018 05:46:01 UTC] PHP Fatal error:  Call to undefined function displayCartCount() in /home/ubuntu/workspace/work/labs/scart/index1.php on line 65
[13-Oct-2018 05:46:01 UTC] PHP Stack trace:
[13-Oct-2018 05:46:01 UTC] PHP   1. {main}() /home/ubuntu/workspace/work/labs/scart/index1.php:0
[13-Oct-2018 05:46:10 UTC] PHP Warning:  include(scart/functions1.php): failed to open stream: No such file or directory in /home/ubuntu/workspace/work/labs/scart/index1.php on line 2
[13-Oct-2018 05:46:10 UTC] PHP Stack trace:
[13-Oct-2018 05:46:10 UTC] PHP   1. {main}() /home/ubuntu/workspace/work/labs/scart/index1.php:0
[13-Oct-2018 05:46:10 UTC] PHP Warning:  include(): Failed opening 'scart/functions1.php' for inclusion (include_path='.:/usr/share/php:/usr/share/pear') in /home/ubuntu/workspace/work/labs/scart/index1.php on line 2
[13-Oct-2018 05:46:10 UTC] PHP Stack trace:
[13-Oct-2018 05:46:10 UTC] PHP   1. {main}() /home/ubuntu/workspace/work/labs/scart/index1.php:0
[13-Oct-2018 05:46:10 UTC] PHP Fatal error:  Call to undefined function displayCartCount() in /home/ubuntu/workspace/work/labs/scart/index1.php on line 65
[13-Oct-2018 05:46:10 UTC] PHP Stack trace:
[13-Oct-2018 05:46:10 UTC] PHP   1. {main}() /home/ubuntu/workspace/work/labs/scart/index1.php:0
[13-Oct-2018 05:46:19 UTC] PHP Warning:  include(/scart/functions1.php): failed to open stream: No such file or directory in /home/ubuntu/workspace/work/labs/scart/index1.php on line 2
[13-Oct-2018 05:46:19 UTC] PHP Stack trace:
[13-Oct-2018 05:46:19 UTC] PHP   1. {main}() /home/ubuntu/workspace/work/labs/scart/index1.php:0
[13-Oct-2018 05:46:19 UTC] PHP Warning:  include(): Failed opening '/scart/functions1.php' for inclusion (include_path='.:/usr/share/php:/usr/share/pear') in /home/ubuntu/workspace/work/labs/scart/index1.php on line 2
[13-Oct-2018 05:46:19 UTC] PHP Stack trace:
[13-Oct-2018 05:46:19 UTC] PHP   1. {main}() /home/ubuntu/workspace/work/labs/scart/index1.php:0
[13-Oct-2018 05:46:19 UTC] PHP Fatal error:  Call to undefined function displayCartCount() in /home/ubuntu/workspace/work/labs/scart/index1.php on line 65
[13-Oct-2018 05:46:19 UTC] PHP Stack trace:
[13-Oct-2018 05:46:19 UTC] PHP   1. {main}() /home/ubuntu/workspace/work/labs/scart/index1.php:0
[13-Oct-2018 05:46:32 UTC] PHP Warning:  include(/functions1.php): failed to open stream: No such file or directory in /home/ubuntu/workspace/work/labs/scart/index1.php on line 2
[13-Oct-2018 05:46:32 UTC] PHP Stack trace:
[13-Oct-2018 05:46:32 UTC] PHP   1. {main}() /home/ubuntu/workspace/work/labs/scart/index1.php:0
[13-Oct-2018 05:46:32 UTC] PHP Warning:  include(): Failed opening '/functions1.php' for inclusion (include_path='.:/usr/share/php:/usr/share/pear') in /home/ubuntu/workspace/work/labs/scart/index1.php on line 2
[13-Oct-2018 05:46:32 UTC] PHP Stack trace:
[13-Oct-2018 05:46:32 UTC] PHP   1. {main}() /home/ubuntu/workspace/work/labs/scart/index1.php:0
[13-Oct-2018 05:46:32 UTC] PHP Fatal error:  Call to undefined function displayCartCount() in /home/ubuntu/workspace/work/labs/scart/index1.php on line 65
[13-Oct-2018 05:46:32 UTC] PHP Stack trace:
[13-Oct-2018 05:46:32 UTC] PHP   1. {main}() /home/ubuntu/workspace/work/labs/scart/index1.php:0
[13-Oct-2018 05:55:25 UTC] PHP Warning:  include(scart.1/functions.php): failed to open stream: No such file or directory in /home/ubuntu/workspace/work/labs/scart/scart1.php on line 5
[13-Oct-2018 05:55:25 UTC] PHP Stack trace:
[13-Oct-2018 05:55:25 UTC] PHP   1. {main}() /home/ubuntu/workspace/work/labs/scart/scart1.php:0
[13-Oct-2018 05:55:25 UTC] PHP Warning:  include(): Failed opening 'scart.1/functions.php' for inclusion (include_path='.:/usr/share/php:/usr/share/pear') in /home/ubuntu/workspace/work/labs/scart/scart1.php on line 5
[13-Oct-2018 05:55:25 UTC] PHP Stack trace:
[13-Oct-2018 05:55:25 UTC] PHP   1. {main}() /home/ubuntu/workspace/work/labs/scart/scart1.php:0
[13-Oct-2018 05:55:25 UTC] PHP Fatal error:  Call to undefined function displayCartCount() in /home/ubuntu/workspace/work/labs/scart/scart1.php on line 50
[13-Oct-2018 05:55:25 UTC] PHP Stack trace:
[13-Oct-2018 05:55:25 UTC] PHP   1. {main}() /home/ubuntu/workspace/work/labs/scart/scart1.php:0
[13-Oct-2018 05:55:58 UTC] PHP Warning:  include(scart/functions1.php): failed to open stream: No such file or directory in /home/ubuntu/workspace/work/labs/scart/scart1.php on line 5
[13-Oct-2018 05:55:58 UTC] PHP Stack trace:
[13-Oct-2018 05:55:58 UTC] PHP   1. {main}() /home/ubuntu/workspace/work/labs/scart/scart1.php:0
[13-Oct-2018 05:55:58 UTC] PHP Warning:  include(): Failed opening 'scart/functions1.php' for inclusion (include_path='.:/usr/share/php:/usr/share/pear') in /home/ubuntu/workspace/work/labs/scart/scart1.php on line 5
[13-Oct-2018 05:55:58 UTC] PHP Stack trace:
[13-Oct-2018 05:55:58 UTC] PHP   1. {main}() /home/ubuntu/workspace/work/labs/scart/scart1.php:0
[13-Oct-2018 05:55:58 UTC] PHP Fatal error:  Call to undefined function displayCartCount() in /home/ubuntu/workspace/work/labs/scart/scart1.php on line 50
[13-Oct-2018 05:55:58 UTC] PHP Stack trace:
[13-Oct-2018 05:55:58 UTC] PHP   1. {main}() /home/ubuntu/workspace/work/labs/scart/scart1.php:0
[13-Oct-2018 05:56:02 UTC] PHP Warning:  include(scart/functions1.php): failed to open stream: No such file or directory in /home/ubuntu/workspace/work/labs/scart/scart1.php on line 5
[13-Oct-2018 05:56:02 UTC] PHP Stack trace:
[13-Oct-2018 05:56:02 UTC] PHP   1. {main}() /home/ubuntu/workspace/work/labs/scart/scart1.php:0
[13-Oct-2018 05:56:02 UTC] PHP Warning:  include(): Failed opening 'scart/functions1.php' for inclusion (include_path='.:/usr/share/php:/usr/share/pear') in /home/ubuntu/workspace/work/labs/scart/scart1.php on line 5
[13-Oct-2018 05:56:02 UTC] PHP Stack trace:
[13-Oct-2018 05:56:02 UTC] PHP   1. {main}() /home/ubuntu/workspace/work/labs/scart/scart1.php:0
[13-Oct-2018 05:56:02 UTC] PHP Fatal error:  Call to undefined function displayCartCount() in /home/ubuntu/workspace/work/labs/scart/scart1.php on line 50
[13-Oct-2018 05:56:02 UTC] PHP Stack trace:
[13-Oct-2018 05:56:02 UTC] PHP   1. {main}() /home/ubuntu/workspace/work/labs/scart/scart1.php:0
[13-Oct-2018 05:56:32 UTC] PHP Warning:  include(labs/scart/functions1.php): failed to open stream: No such file or directory in /home/ubuntu/workspace/work/labs/scart/scart1.php on line 5
[13-Oct-2018 05:56:32 UTC] PHP Stack trace:
[13-Oct-2018 05:56:32 UTC] PHP   1. {main}() /home/ubuntu/workspace/work/labs/scart/scart1.php:0
[13-Oct-2018 05:56:32 UTC] PHP Warning:  include(): Failed opening 'labs/scart/functions1.php' for inclusion (include_path='.:/usr/share/php:/usr/share/pear') in /home/ubuntu/workspace/work/labs/scart/scart1.php on line 5
[13-Oct-2018 05:56:32 UTC] PHP Stack trace:
[13-Oct-2018 05:56:32 UTC] PHP   1. {main}() /home/ubuntu/workspace/work/labs/scart/scart1.php:0
[13-Oct-2018 05:56:32 UTC] PHP Fatal error:  Call to undefined function displayCartCount() in /home/ubuntu/workspace/work/labs/scart/scart1.php on line 50
[13-Oct-2018 05:56:32 UTC] PHP Stack trace:
[13-Oct-2018 05:56:32 UTC] PHP   1. {main}() /home/ubuntu/workspace/work/labs/scart/scart1.php:0
[13-Oct-2018 05:57:18 UTC] PHP Warning:  include(/scart/functions1.php): failed to open stream: No such file or directory in /home/ubuntu/workspace/work/labs/scart/scart1.php on line 5
[13-Oct-2018 05:57:18 UTC] PHP Stack trace:
[13-Oct-2018 05:57:18 UTC] PHP   1. {main}() /home/ubuntu/workspace/work/labs/scart/scart1.php:0
[13-Oct-2018 05:57:18 UTC] PHP Warning:  include(): Failed opening '/scart/functions1.php' for inclusion (include_path='.:/usr/share/php:/usr/share/pear') in /home/ubuntu/workspace/work/labs/scart/scart1.php on line 5
[13-Oct-2018 05:57:18 UTC] PHP Stack trace:
[13-Oct-2018 05:57:18 UTC] PHP   1. {main}() /home/ubuntu/workspace/work/labs/scart/scart1.php:0
[13-Oct-2018 05:57:18 UTC] PHP Fatal error:  Call to undefined function displayCartCount() in /home/ubuntu/workspace/work/labs/scart/scart1.php on line 50
[13-Oct-2018 05:57:18 UTC] PHP Stack trace:
[13-Oct-2018 05:57:18 UTC] PHP   1. {main}() /home/ubuntu/workspace/work/labs/scart/scart1.php:0
[13-Oct-2018 06:38:57 UTC] PHP Fatal error:  Call to undefined function displayCart() in /home/ubuntu/workspace/work/labs/scart.1/scart.php on line 32
[13-Oct-2018 06:38:57 UTC] PHP Stack trace:
[13-Oct-2018 06:38:57 UTC] PHP   1. {main}() /home/ubuntu/workspace/work/labs/scart.1/scart.php:0
[13-Oct-2018 06:43:19 UTC] PHP Fatal error:  Call to undefined function displayCartCount() in /home/ubuntu/workspace/work/labs/scart/index1.php on line 65
[13-Oct-2018 06:43:19 UTC] PHP Stack trace:
[13-Oct-2018 06:43:19 UTC] PHP   1. {main}() /home/ubuntu/workspace/work/labs/scart/index1.php:0
[13-Oct-2018 06:53:49 UTC] PHP Warning:  Illegal string offset 'name' in /home/ubuntu/workspace/work/labs/scart.1/functions.php on line 37
[13-Oct-2018 06:53:49 UTC] PHP Stack trace:
[13-Oct-2018 06:53:49 UTC] PHP   1. {main}() /home/ubuntu/workspace/work/labs/scart.1/scart.php:0
[13-Oct-2018 06:53:49 UTC] PHP   2. displayCart() /home/ubuntu/workspace/work/labs/scart.1/scart.php:37
[13-Oct-2018 06:53:49 UTC] PHP Warning:  Illegal string offset 'price' in /home/ubuntu/workspace/work/labs/scart.1/functions.php on line 38
[13-Oct-2018 06:53:49 UTC] PHP Stack trace:
[13-Oct-2018 06:53:49 UTC] PHP   1. {main}() /home/ubuntu/workspace/work/labs/scart.1/scart.php:0
[13-Oct-2018 06:53:49 UTC] PHP   2. displayCart() /home/ubuntu/workspace/work/labs/scart.1/scart.php:37
[13-Oct-2018 06:53:49 UTC] PHP Warning:  Illegal string offset 'image' in /home/ubuntu/workspace/work/labs/scart.1/functions.php on line 39
[13-Oct-2018 06:53:49 UTC] PHP Stack trace:
[13-Oct-2018 06:53:49 UTC] PHP   1. {main}() /home/ubuntu/workspace/work/labs/scart.1/scart.php:0
[13-Oct-2018 06:53:49 UTC] PHP   2. displayCart() /home/ubuntu/workspace/work/labs/scart.1/scart.php:37
[13-Oct-2018 06:53:49 UTC] PHP Warning:  Illegal string offset 'id' in /home/ubuntu/workspace/work/labs/scart.1/functions.php on line 40
[13-Oct-2018 06:53:49 UTC] PHP Stack trace:
[13-Oct-2018 06:53:49 UTC] PHP   1. {main}() /home/ubuntu/workspace/work/labs/scart.1/scart.php:0
[13-Oct-2018 06:53:49 UTC] PHP   2. displayCart() /home/ubuntu/workspace/work/labs/scart.1/scart.php:37
